#
# There is insufficient memory for the Java Runtime Environment to continue.
# Native memory allocation (malloc) failed to allocate 1165296 bytes for Chunk::new
# Possible reasons:
#   The system is out of physical RAM or swap space
#   The process is running with CompressedOops enabled, and the Java Heap may be blocking the growth of the native heap
# Possible solutions:
#   Reduce memory load on the system
#   Increase physical memory or swap space
#   Check if swap backing store is full
#   Decrease Java heap size (-Xmx/-Xms)
#   Decrease number of Java threads
#   Decrease Java thread stack sizes (-Xss)
#   Set larger code cache with -XX:ReservedCodeCacheSize=
#   JVM is running with Unscaled Compressed Oops mode in which the Java heap is
#     placed in the first 4GB address space. The Java Heap base address is the
#     maximum limit for the native heap growth. Please use -XX:HeapBaseMinAddress
#     to set the Java Heap base and to place the Java Heap above 4GB virtual address.
# This output file may be truncated or incomplete.
#
#  Out of Memory Error (./src/hotspot/share/memory/arena.cpp:197), pid=17712, tid=21536
#
# JRE version: OpenJDK Runtime Environment 18.9 (11.0.14+9) (build 11.0.14+9-LTS)
# Java VM: OpenJDK 64-Bit Server VM 18.9 (11.0.14+9-LTS, mixed mode, tiered, compressed oops, g1 gc, windows-amd64)
# No core dump will be written. Minidumps are not enabled by default on client versions of Windows
#

---------------  S U M M A R Y ------------

Command Line: --add-opens=java.base/java.util=ALL-UNNAMED --add-opens=java.base/java.lang=ALL-UNNAMED --add-opens=java.base/java.lang.invoke=ALL-UNNAMED --add-opens=java.base/java.util=ALL-UNNAMED --add-opens=java.prefs/java.util.prefs=ALL-UNNAMED --add-opens=java.prefs/java.util.prefs=ALL-UNNAMED --add-opens=java.base/java.nio.charset=ALL-UNNAMED --add-opens=java.base/java.net=ALL-UNNAMED --add-opens=java.base/java.util.concurrent.atomic=ALL-UNNAMED -XX:MaxMetaspaceSize=256m -XX:+HeapDumpOnOutOfMemoryError -Xms256m -Xmx512m -Dfile.encoding=x-windows-949 -Duser.country=KR -Duser.language=ko -Duser.variant org.gradle.launcher.daemon.bootstrap.GradleDaemon 7.5.1

Host: Intel(R) Core(TM) i3-8130U CPU @ 2.20GHz, 4 cores, 3G,  Windows 10 , 64 bit Build 19041 (10.0.19041.1889)
Time: Sat Oct 29 11:48:59 2022 措茄刮惫 钎霖矫 elapsed time: 79.042010 seconds (0d 0h 1m 19s)

---------------  T H R E A D  ---------------

Current thread (0x0000019c620c2000):  JavaThread "C2 CompilerThread0" daemon [_thread_in_native, id=21536, stack(0x0000006b0d800000,0x0000006b0d900000)]


Current CompileTask:
C2:  79042 8210       4       io.spring.gradle.dependencymanagement.org.apache.maven.model.interpolation.ProblemDetectingValueSource::getValue (131 bytes)

Stack: [0x0000006b0d800000,0x0000006b0d900000]
Native frames: (J=compiled Java code, j=interpreted, Vv=VM code, C=native code)
V  [jvm.dll+0x61e57a]
V  [jvm.dll+0x7aac49]
V  [jvm.dll+0x7ac338]
V  [jvm.dll+0x7aca13]
V  [jvm.dll+0x24f9b8]
V  [jvm.dll+0xc260c]
V  [jvm.dll+0xc2bcc]
V  [jvm.dll+0x3599a2]
V  [jvm.dll+0x19e649]
V  [jvm.dll+0x208d12]
V  [jvm.dll+0x207ded]
V  [jvm.dll+0x18a2c1]
V  [jvm.dll+0x217734]
V  [jvm.dll+0x21597b]
V  [jvm.dll+0x76d7a0]
V  [jvm.dll+0x766704]
V  [jvm.dll+0x61d3d6]
C  [ucrtbase.dll+0x21bb2]
C  [KERNEL32.DLL+0x17034]
C  [ntdll.dll+0x526a1]


---------------  P R O C E S S  ---------------

Threads class SMR info:
_java_thread_list=0x0000019c64165a40, length=84, elements={
0x0000019c468fb000, 0x0000019c61844000, 0x0000019c61845000, 0x0000019c620bb800,
0x0000019c620bc000, 0x0000019c620bd000, 0x0000019c620c2000, 0x0000019c620c5800,
0x0000019c61863800, 0x0000019c62211000, 0x0000019c64cb1800, 0x0000019c62f9e000,
0x0000019c63853000, 0x0000019c63694000, 0x0000019c62cc6800, 0x0000019c63c02800,
0x0000019c625f1800, 0x0000019c63a05800, 0x0000019c63a06000, 0x0000019c63a0c000,
0x0000019c623db800, 0x0000019c623dc800, 0x0000019c623da000, 0x0000019c623db000,
0x0000019c664fa000, 0x0000019c664f9800, 0x0000019c664f7800, 0x0000019c664f8800,
0x0000019c664fb000, 0x0000019c664f7000, 0x0000019c664fd800, 0x0000019c66500800,
0x0000019c66501800, 0x0000019c664fe000, 0x0000019c664fb800, 0x0000019c66502800,
0x0000019c664fc800, 0x0000019c66503000, 0x0000019c66504000, 0x0000019c66504800,
0x0000019c66505800, 0x0000019c66500000, 0x0000019c662b9800, 0x0000019c662bc800,
0x0000019c662b7800, 0x0000019c662ba000, 0x0000019c662be000, 0x0000019c662bd800,
0x0000019c662bb000, 0x0000019c662bb800, 0x0000019c662b8800, 0x0000019c662c4800,
0x0000019c662c0800, 0x0000019c662bf000, 0x0000019c662c0000, 0x0000019c662c1800,
0x0000019c662c3000, 0x0000019c662c2800, 0x0000019c662c4000, 0x0000019c662c5800,
0x0000019c662c6800, 0x0000019c6492c800, 0x0000019c64931800, 0x0000019c6492e800,
0x0000019c64930800, 0x0000019c64932800, 0x0000019c6492f000, 0x0000019c64933000,
0x0000019c64930000, 0x0000019c6492d800, 0x0000019c64939800, 0x0000019c64938000,
0x0000019c64934000, 0x0000019c6493a800, 0x0000019c64935000, 0x0000019c64939000,
0x0000019c6493b800, 0x0000019c64935800, 0x0000019c64936800, 0x0000019c64937000,
0x0000019c698a0800, 0x0000019c6989c800, 0x0000019c698a1000, 0x0000019c6989e000
}

Java Threads: ( => current thread )
  0x0000019c468fb000 JavaThread "main" [_thread_blocked, id=21608, stack(0x0000006b0cc00000,0x0000006b0cd00000)]
  0x0000019c61844000 JavaThread "Reference Handler" daemon [_thread_blocked, id=18892, stack(0x0000006b0d300000,0x0000006b0d400000)]
  0x0000019c61845000 JavaThread "Finalizer" daemon [_thread_blocked, id=12416, stack(0x0000006b0d400000,0x0000006b0d500000)]
  0x0000019c620bb800 JavaThread "Signal Dispatcher" daemon [_thread_blocked, id=9732, stack(0x0000006b0d500000,0x0000006b0d600000)]
  0x0000019c620bc000 JavaThread "Attach Listener" daemon [_thread_blocked, id=17532, stack(0x0000006b0d600000,0x0000006b0d700000)]
  0x0000019c620bd000 JavaThread "Service Thread" daemon [_thread_blocked, id=19292, stack(0x0000006b0d700000,0x0000006b0d800000)]
=>0x0000019c620c2000 JavaThread "C2 CompilerThread0" daemon [_thread_in_native, id=21536, stack(0x0000006b0d800000,0x0000006b0d900000)]
  0x0000019c620c5800 JavaThread "C1 CompilerThread0" daemon [_thread_blocked, id=15568, stack(0x0000006b0d900000,0x0000006b0da00000)]
  0x0000019c61863800 JavaThread "Sweeper thread" daemon [_thread_blocked, id=17228, stack(0x0000006b0da00000,0x0000006b0db00000)]
  0x0000019c62211000 JavaThread "Common-Cleaner" daemon [_thread_blocked, id=15384, stack(0x0000006b0db00000,0x0000006b0dc00000)]
  0x0000019c64cb1800 JavaThread "Daemon health stats" [_thread_blocked, id=14660, stack(0x0000006b0e100000,0x0000006b0e200000)]
  0x0000019c62f9e000 JavaThread "Incoming local TCP Connector on port 60155" [_thread_in_native, id=9584, stack(0x0000006b0e200000,0x0000006b0e300000)]
  0x0000019c63853000 JavaThread "Daemon periodic checks" [_thread_blocked, id=21960, stack(0x0000006b0e300000,0x0000006b0e400000)]
  0x0000019c63694000 JavaThread "Daemon" [_thread_blocked, id=20296, stack(0x0000006b0e400000,0x0000006b0e500000)]
  0x0000019c62cc6800 JavaThread "Handler for socket connection from /127.0.0.1:60155 to /127.0.0.1:60156" [_thread_in_native, id=11332, stack(0x0000006b0e500000,0x0000006b0e600000)]
  0x0000019c63c02800 JavaThread "Cancel handler" [_thread_blocked, id=16720, stack(0x0000006b0e600000,0x0000006b0e700000)]
  0x0000019c625f1800 JavaThread "Daemon worker" [_thread_blocked, id=17856, stack(0x0000006b0e700000,0x0000006b0e800000)]
  0x0000019c63a05800 JavaThread "Asynchronous log dispatcher for DefaultDaemonConnection: socket connection from /127.0.0.1:60155 to /127.0.0.1:60156" [_thread_blocked, id=10480, stack(0x0000006b0e800000,0x0000006b0e900000)]
  0x0000019c63a06000 JavaThread "Stdin handler" [_thread_blocked, id=21660, stack(0x0000006b0e900000,0x0000006b0ea00000)]
  0x0000019c63a0c000 JavaThread "Daemon client event forwarder" [_thread_blocked, id=16584, stack(0x0000006b0ea00000,0x0000006b0eb00000)]
  0x0000019c623db800 JavaThread "Cache worker for journal cache (C:\Users\82102\.gradle\caches\journal-1)" [_thread_blocked, id=10644, stack(0x0000006b0eb00000,0x0000006b0ec00000)]
  0x0000019c623dc800 JavaThread "File lock request listener" [_thread_in_native, id=2544, stack(0x0000006b0ec00000,0x0000006b0ed00000)]
  0x0000019c623da000 JavaThread "Cache worker for file hash cache (C:\Users\82102\.gradle\caches\7.5.1\fileHashes)" [_thread_blocked, id=9360, stack(0x0000006b0ed00000,0x0000006b0ee00000)]
  0x0000019c623db000 JavaThread "File watcher server" daemon [_thread_in_native, id=20260, stack(0x0000006b0ee00000,0x0000006b0ef00000)]
  0x0000019c664fa000 JavaThread "File watcher consumer" daemon [_thread_blocked, id=20572, stack(0x0000006b0ef00000,0x0000006b0f000000)]
  0x0000019c664f9800 JavaThread "Cache worker for checksums cache (C:\dev\gitLoccation\programming\办淀搿\backend\.gradle\7.5.1\checksums)" [_thread_blocked, id=8840, stack(0x0000006b0f000000,0x0000006b0f100000)]
  0x0000019c664f7800 JavaThread "Cache worker for cache directory md-rule (C:\Users\82102\.gradle\caches\7.5.1\md-rule)" [_thread_blocked, id=21808, stack(0x0000006b0f100000,0x0000006b0f200000)]
  0x0000019c664f8800 JavaThread "Cache worker for file content cache (C:\Users\82102\.gradle\caches\7.5.1\fileContent)" [_thread_blocked, id=16876, stack(0x0000006b0f200000,0x0000006b0f300000)]
  0x0000019c664fb000 JavaThread "File lock release action executor" [_thread_blocked, id=21900, stack(0x0000006b0f300000,0x0000006b0f400000)]
  0x0000019c664f7000 JavaThread "Cache worker for file hash cache (C:\dev\gitLoccation\programming\办淀搿\backend\.gradle\7.5.1\fileHashes)" [_thread_blocked, id=17140, stack(0x0000006b0f400000,0x0000006b0f500000)]
  0x0000019c664fd800 JavaThread "Cache worker for cache directory md-supplier (C:\Users\82102\.gradle\caches\7.5.1\md-supplier)" [_thread_blocked, id=2096, stack(0x0000006b0f500000,0x0000006b0f600000)]
  0x0000019c66500800 JavaThread "Cache worker for execution history cache (C:\Users\82102\.gradle\caches\7.5.1\executionHistory)" [_thread_blocked, id=21168, stack(0x0000006b0f600000,0x0000006b0f700000)]
  0x0000019c66501800 JavaThread "jar transforms" [_thread_blocked, id=21368, stack(0x0000006b0f700000,0x0000006b0f800000)]
  0x0000019c664fe000 JavaThread "jar transforms Thread 2" [_thread_blocked, id=23452, stack(0x0000006b0f800000,0x0000006b0f900000)]
  0x0000019c664fb800 JavaThread "jar transforms Thread 3" [_thread_blocked, id=13644, stack(0x0000006b0f900000,0x0000006b0fa00000)]
  0x0000019c66502800 JavaThread "jar transforms Thread 4" [_thread_blocked, id=12112, stack(0x0000006b0fa00000,0x0000006b0fb00000)]
  0x0000019c664fc800 JavaThread "Cache worker for dependencies-accessors (C:\dev\gitLoccation\programming\办淀搿\backend\.gradle\7.5.1\dependencies-accessors)" [_thread_blocked, id=9536, stack(0x0000006b0ca00000,0x0000006b0cb00000)]
  0x0000019c66503000 JavaThread "Cache worker for Build Output Cleanup Cache (C:\dev\gitLoccation\programming\办淀搿\backend\.gradle\buildOutputCleanup)" [_thread_blocked, id=17536, stack(0x0000006b0fb00000,0x0000006b0fc00000)]
  0x0000019c66504000 JavaThread "Unconstrained build operations" [_thread_blocked, id=2436, stack(0x0000006b0fd00000,0x0000006b0fe00000)]
  0x0000019c66504800 JavaThread "Unconstrained build operations Thread 2" [_thread_blocked, id=17664, stack(0x0000006b0fe00000,0x0000006b0ff00000)]
  0x0000019c66505800 JavaThread "Unconstrained build operations Thread 3" [_thread_blocked, id=18752, stack(0x0000006b0ff00000,0x0000006b10000000)]
  0x0000019c66500000 JavaThread "Unconstrained build operations Thread 4" [_thread_blocked, id=12540, stack(0x0000006b10000000,0x0000006b10100000)]
  0x0000019c662b9800 JavaThread "Unconstrained build operations Thread 5" [_thread_blocked, id=14656, stack(0x0000006b10100000,0x0000006b10200000)]
  0x0000019c662bc800 JavaThread "Unconstrained build operations Thread 6" [_thread_blocked, id=10228, stack(0x0000006b10200000,0x0000006b10300000)]
  0x0000019c662b7800 JavaThread "Unconstrained build operations Thread 7" [_thread_blocked, id=2552, stack(0x0000006b10300000,0x0000006b10400000)]
  0x0000019c662ba000 JavaThread "Unconstrained build operations Thread 8" [_thread_blocked, id=3680, stack(0x0000006b10400000,0x0000006b10500000)]
  0x0000019c662be000 JavaThread "Unconstrained build operations Thread 9" [_thread_blocked, id=22672, stack(0x0000006b10500000,0x0000006b10600000)]
  0x0000019c662bd800 JavaThread "Unconstrained build operations Thread 10" [_thread_blocked, id=8960, stack(0x0000006b10600000,0x0000006b10700000)]
  0x0000019c662bb000 JavaThread "Unconstrained build operations Thread 11" [_thread_blocked, id=11716, stack(0x0000006b10700000,0x0000006b10800000)]
  0x0000019c662bb800 JavaThread "Unconstrained build operations Thread 12" [_thread_blocked, id=21748, stack(0x0000006b10800000,0x0000006b10900000)]
  0x0000019c662b8800 JavaThread "Unconstrained build operations Thread 13" [_thread_blocked, id=22444, stack(0x0000006b10900000,0x0000006b10a00000)]
  0x0000019c662c4800 JavaThread "Unconstrained build operations Thread 14" [_thread_blocked, id=10620, stack(0x0000006b10a00000,0x0000006b10b00000)]
  0x0000019c662c0800 JavaThread "Unconstrained build operations Thread 15" [_thread_blocked, id=5428, stack(0x0000006b10b00000,0x0000006b10c00000)]
  0x0000019c662bf000 JavaThread "Unconstrained build operations Thread 16" [_thread_blocked, id=3856, stack(0x0000006b10c00000,0x0000006b10d00000)]
  0x0000019c662c0000 JavaThread "Unconstrained build operations Thread 17" [_thread_blocked, id=17952, stack(0x0000006b10d00000,0x0000006b10e00000)]
  0x0000019c662c1800 JavaThread "Unconstrained build operations Thread 18" [_thread_blocked, id=16988, stack(0x0000006b10e00000,0x0000006b10f00000)]
  0x0000019c662c3000 JavaThread "Unconstrained build operations Thread 19" [_thread_blocked, id=5696, stack(0x0000006b10f00000,0x0000006b11000000)]
  0x0000019c662c2800 JavaThread "Memory manager" [_thread_blocked, id=15828, stack(0x0000006b11200000,0x0000006b11300000)]
  0x0000019c662c4000 JavaThread "included builds" [_thread_blocked, id=20900, stack(0x0000006b11300000,0x0000006b11400000)]
  0x0000019c662c5800 JavaThread "Execution worker" [_thread_in_Java, id=21988, stack(0x0000006b11400000,0x0000006b11500000)]
  0x0000019c662c6800 JavaThread "Execution worker Thread 2" [_thread_blocked, id=8852, stack(0x0000006b11500000,0x0000006b11600000)]
  0x0000019c6492c800 JavaThread "Execution worker Thread 3" [_thread_blocked, id=9232, stack(0x0000006b11600000,0x0000006b11700000)]
  0x0000019c64931800 JavaThread "Cache worker for execution history cache (C:\dev\gitLoccation\programming\办淀搿\backend\.gradle\7.5.1\executionHistory)" [_thread_blocked, id=19192, stack(0x0000006b11700000,0x0000006b11800000)]
  0x0000019c6492e800 JavaThread "Unconstrained build operations Thread 20" [_thread_blocked, id=4440, stack(0x0000006b11800000,0x0000006b11900000)]
  0x0000019c64930800 JavaThread "Unconstrained build operations Thread 21" [_thread_blocked, id=14064, stack(0x0000006b11900000,0x0000006b11a00000)]
  0x0000019c64932800 JavaThread "Unconstrained build operations Thread 22" [_thread_blocked, id=21528, stack(0x0000006b11a00000,0x0000006b11b00000)]
  0x0000019c6492f000 JavaThread "Unconstrained build operations Thread 23" [_thread_blocked, id=23212, stack(0x0000006b11b00000,0x0000006b11c00000)]
  0x0000019c64933000 JavaThread "Unconstrained build operations Thread 24" [_thread_blocked, id=22480, stack(0x0000006b11c00000,0x0000006b11d00000)]
  0x0000019c64930000 JavaThread "Unconstrained build operations Thread 25" [_thread_blocked, id=17120, stack(0x0000006b11d00000,0x0000006b11e00000)]
  0x0000019c6492d800 JavaThread "Unconstrained build operations Thread 26" [_thread_blocked, id=12560, stack(0x0000006b11e00000,0x0000006b11f00000)]
  0x0000019c64939800 JavaThread "Unconstrained build operations Thread 27" [_thread_blocked, id=19352, stack(0x0000006b11f00000,0x0000006b12000000)]
  0x0000019c64938000 JavaThread "Unconstrained build operations Thread 28" [_thread_blocked, id=19620, stack(0x0000006b12000000,0x0000006b12100000)]
  0x0000019c64934000 JavaThread "Unconstrained build operations Thread 29" [_thread_blocked, id=3448, stack(0x0000006b12100000,0x0000006b12200000)]
  0x0000019c6493a800 JavaThread "Unconstrained build operations Thread 30" [_thread_blocked, id=11828, stack(0x0000006b12200000,0x0000006b12300000)]
  0x0000019c64935000 JavaThread "Unconstrained build operations Thread 31" [_thread_blocked, id=1864, stack(0x0000006b12300000,0x0000006b12400000)]
  0x0000019c64939000 JavaThread "Unconstrained build operations Thread 32" [_thread_blocked, id=17936, stack(0x0000006b12400000,0x0000006b12500000)]
  0x0000019c6493b800 JavaThread "Unconstrained build operations Thread 33" [_thread_blocked, id=15820, stack(0x0000006b12500000,0x0000006b12600000)]
  0x0000019c64935800 JavaThread "Unconstrained build operations Thread 34" [_thread_blocked, id=12792, stack(0x0000006b12600000,0x0000006b12700000)]
  0x0000019c64936800 JavaThread "Unconstrained build operations Thread 35" [_thread_blocked, id=22072, stack(0x0000006b12700000,0x0000006b12800000)]
  0x0000019c64937000 JavaThread "Unconstrained build operations Thread 36" [_thread_blocked, id=1108, stack(0x0000006b12800000,0x0000006b12900000)]
  0x0000019c698a0800 JavaThread "Unconstrained build operations Thread 37" [_thread_blocked, id=20424, stack(0x0000006b12900000,0x0000006b12a00000)]
  0x0000019c6989c800 JavaThread "Unconstrained build operations Thread 38" [_thread_blocked, id=1140, stack(0x0000006b12a00000,0x0000006b12b00000)]
  0x0000019c698a1000 JavaThread "Unconstrained build operations Thread 39" [_thread_blocked, id=1440, stack(0x0000006b12b00000,0x0000006b12c00000)]
  0x0000019c6989e000 JavaThread "Unconstrained build operations Thread 40" [_thread_blocked, id=22552, stack(0x0000006b12c00000,0x0000006b12d00000)]

Other Threads:
  0x0000019c6180d800 VMThread "VM Thread" [stack: 0x0000006b0d200000,0x0000006b0d300000] [id=21996]
  0x0000019c62248800 WatcherThread [stack: 0x0000006b0dc00000,0x0000006b0dd00000] [id=20708]
  0x0000019c46914000 GCTaskThread "GC Thread#0" [stack: 0x0000006b0cd00000,0x0000006b0ce00000] [id=19016]
  0x0000019c62515800 GCTaskThread "GC Thread#1" [stack: 0x0000006b0dd00000,0x0000006b0de00000] [id=7632]
  0x0000019c626e1000 GCTaskThread "GC Thread#2" [stack: 0x0000006b0de00000,0x0000006b0df00000] [id=1524]
  0x0000019c628d8800 GCTaskThread "GC Thread#3" [stack: 0x0000006b0df00000,0x0000006b0e000000] [id=1572]
  0x0000019c46924000 ConcurrentGCThread "G1 Main Marker" [stack: 0x0000006b0ce00000,0x0000006b0cf00000] [id=1240]
  0x0000019c46926000 ConcurrentGCThread "G1 Conc#0" [stack: 0x0000006b0cf00000,0x0000006b0d000000] [id=2680]
  0x0000019c616a6800 ConcurrentGCThread "G1 Refine#0" [stack: 0x0000006b0d000000,0x0000006b0d100000] [id=22608]
  0x0000019c62927800 ConcurrentGCThread "G1 Refine#1" [stack: 0x0000006b0e000000,0x0000006b0e100000] [id=8260]
  0x0000019c616a7800 ConcurrentGCThread "G1 Young RemSet Sampling" [stack: 0x0000006b0d100000,0x0000006b0d200000] [id=9968]

Threads with active compile tasks:
C2 CompilerThread0  79185 8210       4       io.spring.gradle.dependencymanagement.org.apache.maven.model.interpolation.ProblemDetectingValueSource::getValue (131 bytes)

VM state:not at safepoint (normal execution)

VM Mutex/Monitor currently owned by a thread: None

Heap address: 0x00000000e0000000, size: 512 MB, Compressed Oops mode: 32-bit
Narrow klass base: 0x0000000000000000, Narrow klass shift: 3
Compressed class space size: 260046848 Address: 0x0000000100000000

Heap:
 garbage-first heap   total 262144K, used 116544K [0x00000000e0000000, 0x0000000100000000)
  region size 1024K, 86 young (88064K), 15 survivors (15360K)
 Metaspace       used 66528K, capacity 68696K, committed 68816K, reserved 315392K
  class space    used 8534K, capacity 9293K, committed 9344K, reserved 253952K
Heap Regions: E=young(eden), S=young(survivor), O=old, HS=humongous(starts), HC=humongous(continues), CS=collection set, F=free, A=archive, TAMS=top-at-mark-start (previous, next)
|   0|0x00000000e0000000, 0x00000000e0100000, 0x00000000e0100000|100%|HS|  |TAMS 0x00000000e0100000, 0x00000000e0000000| Complete 
|   1|0x00000000e0100000, 0x00000000e0200000, 0x00000000e0200000|100%|HC|  |TAMS 0x00000000e0200000, 0x00000000e0100000| Complete 
|   2|0x00000000e0200000, 0x00000000e0300000, 0x00000000e0300000|100%|HC|  |TAMS 0x00000000e0300000, 0x00000000e0200000| Complete 
|   3|0x00000000e0300000, 0x00000000e0400000, 0x00000000e0400000|100%| O|  |TAMS 0x00000000e0400000, 0x00000000e0300000| Untracked 
|   4|0x00000000e0400000, 0x00000000e0500000, 0x00000000e0500000|100%| O|  |TAMS 0x00000000e0500000, 0x00000000e0400000| Untracked 
|   5|0x00000000e0500000, 0x00000000e0600000, 0x00000000e0600000|100%| O|  |TAMS 0x00000000e0600000, 0x00000000e0500000| Untracked 
|   6|0x00000000e0600000, 0x00000000e0700000, 0x00000000e0700000|100%| O|  |TAMS 0x00000000e0700000, 0x00000000e0600000| Untracked 
|   7|0x00000000e0700000, 0x00000000e0800000, 0x00000000e0800000|100%| O|  |TAMS 0x00000000e0800000, 0x00000000e0700000| Untracked 
|   8|0x00000000e0800000, 0x00000000e0900000, 0x00000000e0900000|100%| O|  |TAMS 0x00000000e0900000, 0x00000000e0800000| Untracked 
|   9|0x00000000e0900000, 0x00000000e0a00000, 0x00000000e0a00000|100%| O|  |TAMS 0x00000000e0a00000, 0x00000000e0900000| Untracked 
|  10|0x00000000e0a00000, 0x00000000e0b00000, 0x00000000e0b00000|100%| O|  |TAMS 0x00000000e0b00000, 0x00000000e0a00000| Untracked 
|  11|0x00000000e0b00000, 0x00000000e0c00000, 0x00000000e0c00000|100%| O|  |TAMS 0x00000000e0c00000, 0x00000000e0b00000| Untracked 
|  12|0x00000000e0c00000, 0x00000000e0d00000, 0x00000000e0d00000|100%| O|  |TAMS 0x00000000e0d00000, 0x00000000e0c00000| Untracked 
|  13|0x00000000e0d00000, 0x00000000e0e00000, 0x00000000e0e00000|100%| O|  |TAMS 0x00000000e0e00000, 0x00000000e0d00000| Untracked 
|  14|0x00000000e0e00000, 0x00000000e0f00000, 0x00000000e0f00000|100%| O|  |TAMS 0x00000000e0f00000, 0x00000000e0e00000| Untracked 
|  15|0x00000000e0f00000, 0x00000000e1000000, 0x00000000e1000000|100%| O|  |TAMS 0x00000000e1000000, 0x00000000e0f00000| Untracked 
|  16|0x00000000e1000000, 0x00000000e1100000, 0x00000000e1100000|100%| O|  |TAMS 0x00000000e1100000, 0x00000000e1000000| Untracked 
|  17|0x00000000e1100000, 0x00000000e1200000, 0x00000000e1200000|100%| O|  |TAMS 0x00000000e1200000, 0x00000000e1100000| Untracked 
|  18|0x00000000e1200000, 0x00000000e1300000, 0x00000000e1300000|100%| O|  |TAMS 0x00000000e1300000, 0x00000000e1200000| Untracked 
|  19|0x00000000e1300000, 0x00000000e1400000, 0x00000000e1400000|100%| O|  |TAMS 0x00000000e1400000, 0x00000000e1300000| Untracked 
|  20|0x00000000e1400000, 0x00000000e1500000, 0x00000000e1500000|100%| O|  |TAMS 0x00000000e1500000, 0x00000000e1400000| Untracked 
|  21|0x00000000e1500000, 0x00000000e1600000, 0x00000000e1600000|100%| O|  |TAMS 0x00000000e15bd400, 0x00000000e1500000| Untracked 
|  22|0x00000000e1600000, 0x00000000e1700000, 0x00000000e1700000|100%| O|  |TAMS 0x00000000e1600000, 0x00000000e1600000| Untracked 
|  23|0x00000000e1700000, 0x00000000e1800000, 0x00000000e1800000|100%| O|  |TAMS 0x00000000e1700000, 0x00000000e1700000| Untracked 
|  24|0x00000000e1800000, 0x00000000e1900000, 0x00000000e1900000|100%| O|  |TAMS 0x00000000e1800000, 0x00000000e1800000| Untracked 
|  25|0x00000000e1900000, 0x00000000e1a00000, 0x00000000e1a00000|100%| O|  |TAMS 0x00000000e1900000, 0x00000000e1900000| Untracked 
|  26|0x00000000e1a00000, 0x00000000e1b00000, 0x00000000e1b00000|100%| O|  |TAMS 0x00000000e1a00000, 0x00000000e1a00000| Untracked 
|  27|0x00000000e1b00000, 0x00000000e1c00000, 0x00000000e1c00000|100%| O|  |TAMS 0x00000000e1b00000, 0x00000000e1b00000| Untracked 
|  28|0x00000000e1c00000, 0x00000000e1d00000, 0x00000000e1d00000|100%| O|  |TAMS 0x00000000e1c00000, 0x00000000e1c00000| Untracked 
|  29|0x00000000e1d00000, 0x00000000e1dd0200, 0x00000000e1e00000| 81%| O|  |TAMS 0x00000000e1d00000, 0x00000000e1d00000| Untracked 
|  30|0x00000000e1e00000, 0x00000000e1e00000, 0x00000000e1f00000|  0%| F|  |TAMS 0x00000000e1e00000, 0x00000000e1e00000| Untracked 
|  31|0x00000000e1f00000, 0x00000000e1f00000, 0x00000000e2000000|  0%| F|  |TAMS 0x00000000e1f00000, 0x00000000e1f00000| Untracked 
|  32|0x00000000e2000000, 0x00000000e2000000, 0x00000000e2100000|  0%| F|  |TAMS 0x00000000e2000000, 0x00000000e2000000| Untracked 
|  33|0x00000000e2100000, 0x00000000e2100000, 0x00000000e2200000|  0%| F|  |TAMS 0x00000000e2100000, 0x00000000e2100000| Untracked 
|  34|0x00000000e2200000, 0x00000000e2200000, 0x00000000e2300000|  0%| F|  |TAMS 0x00000000e2200000, 0x00000000e2200000| Untracked 
|  35|0x00000000e2300000, 0x00000000e2300000, 0x00000000e2400000|  0%| F|  |TAMS 0x00000000e2300000, 0x00000000e2300000| Untracked 
|  36|0x00000000e2400000, 0x00000000e2400000, 0x00000000e2500000|  0%| F|  |TAMS 0x00000000e2400000, 0x00000000e2400000| Untracked 
|  37|0x00000000e2500000, 0x00000000e2500000, 0x00000000e2600000|  0%| F|  |TAMS 0x00000000e2500000, 0x00000000e2500000| Untracked 
|  38|0x00000000e2600000, 0x00000000e2600000, 0x00000000e2700000|  0%| F|  |TAMS 0x00000000e2600000, 0x00000000e2600000| Untracked 
|  39|0x00000000e2700000, 0x00000000e2700000, 0x00000000e2800000|  0%| F|  |TAMS 0x00000000e2700000, 0x00000000e2700000| Untracked 
|  40|0x00000000e2800000, 0x00000000e2800000, 0x00000000e2900000|  0%| F|  |TAMS 0x00000000e2800000, 0x00000000e2800000| Untracked 
|  41|0x00000000e2900000, 0x00000000e2900000, 0x00000000e2a00000|  0%| F|  |TAMS 0x00000000e2900000, 0x00000000e2900000| Untracked 
|  42|0x00000000e2a00000, 0x00000000e2a00000, 0x00000000e2b00000|  0%| F|  |TAMS 0x00000000e2a00000, 0x00000000e2a00000| Untracked 
|  43|0x00000000e2b00000, 0x00000000e2b00000, 0x00000000e2c00000|  0%| F|  |TAMS 0x00000000e2b00000, 0x00000000e2b00000| Untracked 
|  44|0x00000000e2c00000, 0x00000000e2c00000, 0x00000000e2d00000|  0%| F|  |TAMS 0x00000000e2c00000, 0x00000000e2c00000| Untracked 
|  45|0x00000000e2d00000, 0x00000000e2d00000, 0x00000000e2e00000|  0%| F|  |TAMS 0x00000000e2d00000, 0x00000000e2d00000| Untracked 
|  46|0x00000000e2e00000, 0x00000000e2e00000, 0x00000000e2f00000|  0%| F|  |TAMS 0x00000000e2e00000, 0x00000000e2e00000| Untracked 
|  47|0x00000000e2f00000, 0x00000000e2f00000, 0x00000000e3000000|  0%| F|  |TAMS 0x00000000e2f00000, 0x00000000e2f00000| Untracked 
|  48|0x00000000e3000000, 0x00000000e3000000, 0x00000000e3100000|  0%| F|  |TAMS 0x00000000e3000000, 0x00000000e3000000| Untracked 
|  49|0x00000000e3100000, 0x00000000e3100000, 0x00000000e3200000|  0%| F|  |TAMS 0x00000000e3100000, 0x00000000e3100000| Untracked 
|  50|0x00000000e3200000, 0x00000000e3200000, 0x00000000e3300000|  0%| F|  |TAMS 0x00000000e3200000, 0x00000000e3200000| Untracked 
|  51|0x00000000e3300000, 0x00000000e3300000, 0x00000000e3400000|  0%| F|  |TAMS 0x00000000e3300000, 0x00000000e3300000| Untracked 
|  52|0x00000000e3400000, 0x00000000e3400000, 0x00000000e3500000|  0%| F|  |TAMS 0x00000000e3400000, 0x00000000e3400000| Untracked 
|  53|0x00000000e3500000, 0x00000000e3500000, 0x00000000e3600000|  0%| F|  |TAMS 0x00000000e3500000, 0x00000000e3500000| Untracked 
|  54|0x00000000e3600000, 0x00000000e3600000, 0x00000000e3700000|  0%| F|  |TAMS 0x00000000e3600000, 0x00000000e3600000| Untracked 
|  55|0x00000000e3700000, 0x00000000e3700000, 0x00000000e3800000|  0%| F|  |TAMS 0x00000000e3700000, 0x00000000e3700000| Untracked 
|  56|0x00000000e3800000, 0x00000000e3800000, 0x00000000e3900000|  0%| F|  |TAMS 0x00000000e3800000, 0x00000000e3800000| Untracked 
|  57|0x00000000e3900000, 0x00000000e3900000, 0x00000000e3a00000|  0%| F|  |TAMS 0x00000000e3900000, 0x00000000e3900000| Untracked 
|  58|0x00000000e3a00000, 0x00000000e3a00000, 0x00000000e3b00000|  0%| F|  |TAMS 0x00000000e3a00000, 0x00000000e3a00000| Untracked 
|  59|0x00000000e3b00000, 0x00000000e3b00000, 0x00000000e3c00000|  0%| F|  |TAMS 0x00000000e3b00000, 0x00000000e3b00000| Untracked 
|  60|0x00000000e3c00000, 0x00000000e3c00000, 0x00000000e3d00000|  0%| F|  |TAMS 0x00000000e3c00000, 0x00000000e3c00000| Untracked 
|  61|0x00000000e3d00000, 0x00000000e3d00000, 0x00000000e3e00000|  0%| F|  |TAMS 0x00000000e3d00000, 0x00000000e3d00000| Untracked 
|  62|0x00000000e3e00000, 0x00000000e3e00000, 0x00000000e3f00000|  0%| F|  |TAMS 0x00000000e3e00000, 0x00000000e3e00000| Untracked 
|  63|0x00000000e3f00000, 0x00000000e3f00000, 0x00000000e4000000|  0%| F|  |TAMS 0x00000000e3f00000, 0x00000000e3f00000| Untracked 
|  64|0x00000000e4000000, 0x00000000e4000000, 0x00000000e4100000|  0%| F|  |TAMS 0x00000000e4000000, 0x00000000e4000000| Untracked 
|  65|0x00000000e4100000, 0x00000000e4100000, 0x00000000e4200000|  0%| F|  |TAMS 0x00000000e4100000, 0x00000000e4100000| Untracked 
|  66|0x00000000e4200000, 0x00000000e4200000, 0x00000000e4300000|  0%| F|  |TAMS 0x00000000e4200000, 0x00000000e4200000| Untracked 
|  67|0x00000000e4300000, 0x00000000e4300000, 0x00000000e4400000|  0%| F|  |TAMS 0x00000000e4300000, 0x00000000e4300000| Untracked 
|  68|0x00000000e4400000, 0x00000000e4400000, 0x00000000e4500000|  0%| F|  |TAMS 0x00000000e4400000, 0x00000000e4400000| Untracked 
|  69|0x00000000e4500000, 0x00000000e4500000, 0x00000000e4600000|  0%| F|  |TAMS 0x00000000e4500000, 0x00000000e4500000| Untracked 
|  70|0x00000000e4600000, 0x00000000e4600000, 0x00000000e4700000|  0%| F|  |TAMS 0x00000000e4600000, 0x00000000e4600000| Untracked 
|  71|0x00000000e4700000, 0x00000000e4700000, 0x00000000e4800000|  0%| F|  |TAMS 0x00000000e4700000, 0x00000000e4700000| Untracked 
|  72|0x00000000e4800000, 0x00000000e4800000, 0x00000000e4900000|  0%| F|  |TAMS 0x00000000e4800000, 0x00000000e4800000| Untracked 
|  73|0x00000000e4900000, 0x00000000e4900000, 0x00000000e4a00000|  0%| F|  |TAMS 0x00000000e4900000, 0x00000000e4900000| Untracked 
|  74|0x00000000e4a00000, 0x00000000e4a00000, 0x00000000e4b00000|  0%| F|  |TAMS 0x00000000e4a00000, 0x00000000e4a00000| Untracked 
|  75|0x00000000e4b00000, 0x00000000e4b00000, 0x00000000e4c00000|  0%| F|  |TAMS 0x00000000e4b00000, 0x00000000e4b00000| Untracked 
|  76|0x00000000e4c00000, 0x00000000e4c00000, 0x00000000e4d00000|  0%| F|  |TAMS 0x00000000e4c00000, 0x00000000e4c00000| Untracked 
|  77|0x00000000e4d00000, 0x00000000e4d00000, 0x00000000e4e00000|  0%| F|  |TAMS 0x00000000e4d00000, 0x00000000e4d00000| Untracked 
|  78|0x00000000e4e00000, 0x00000000e4e00000, 0x00000000e4f00000|  0%| F|  |TAMS 0x00000000e4e00000, 0x00000000e4e00000| Untracked 
|  79|0x00000000e4f00000, 0x00000000e4f00000, 0x00000000e5000000|  0%| F|  |TAMS 0x00000000e4f00000, 0x00000000e4f00000| Untracked 
|  80|0x00000000e5000000, 0x00000000e5000000, 0x00000000e5100000|  0%| F|  |TAMS 0x00000000e5000000, 0x00000000e5000000| Untracked 
|  81|0x00000000e5100000, 0x00000000e5100000, 0x00000000e5200000|  0%| F|  |TAMS 0x00000000e5100000, 0x00000000e5100000| Untracked 
|  82|0x00000000e5200000, 0x00000000e5200000, 0x00000000e5300000|  0%| F|  |TAMS 0x00000000e5200000, 0x00000000e5200000| Untracked 
|  83|0x00000000e5300000, 0x00000000e5300000, 0x00000000e5400000|  0%| F|  |TAMS 0x00000000e5300000, 0x00000000e5300000| Untracked 
|  84|0x00000000e5400000, 0x00000000e5400000, 0x00000000e5500000|  0%| F|  |TAMS 0x00000000e5400000, 0x00000000e5400000| Untracked 
|  85|0x00000000e5500000, 0x00000000e5500000, 0x00000000e5600000|  0%| F|  |TAMS 0x00000000e5500000, 0x00000000e5500000| Untracked 
|  86|0x00000000e5600000, 0x00000000e5600000, 0x00000000e5700000|  0%| F|  |TAMS 0x00000000e5600000, 0x00000000e5600000| Untracked 
|  87|0x00000000e5700000, 0x00000000e5700000, 0x00000000e5800000|  0%| F|  |TAMS 0x00000000e5700000, 0x00000000e5700000| Untracked 
|  88|0x00000000e5800000, 0x00000000e5900000, 0x00000000e5900000|100%| S|CS|TAMS 0x00000000e5800000, 0x00000000e5800000| Complete 
|  89|0x00000000e5900000, 0x00000000e5a00000, 0x00000000e5a00000|100%| S|CS|TAMS 0x00000000e5900000, 0x00000000e5900000| Complete 
|  90|0x00000000e5a00000, 0x00000000e5b00000, 0x00000000e5b00000|100%| S|CS|TAMS 0x00000000e5a00000, 0x00000000e5a00000| Complete 
|  91|0x00000000e5b00000, 0x00000000e5c00000, 0x00000000e5c00000|100%| S|CS|TAMS 0x00000000e5b00000, 0x00000000e5b00000| Complete 
|  92|0x00000000e5c00000, 0x00000000e5d00000, 0x00000000e5d00000|100%| S|CS|TAMS 0x00000000e5c00000, 0x00000000e5c00000| Complete 
|  93|0x00000000e5d00000, 0x00000000e5e00000, 0x00000000e5e00000|100%| S|CS|TAMS 0x00000000e5d00000, 0x00000000e5d00000| Complete 
|  94|0x00000000e5e00000, 0x00000000e5f00000, 0x00000000e5f00000|100%| S|CS|TAMS 0x00000000e5e00000, 0x00000000e5e00000| Complete 
|  95|0x00000000e5f00000, 0x00000000e6000000, 0x00000000e6000000|100%| S|CS|TAMS 0x00000000e5f00000, 0x00000000e5f00000| Complete 
|  96|0x00000000e6000000, 0x00000000e6100000, 0x00000000e6100000|100%| S|CS|TAMS 0x00000000e6000000, 0x00000000e6000000| Complete 
|  97|0x00000000e6100000, 0x00000000e6200000, 0x00000000e6200000|100%| S|CS|TAMS 0x00000000e6100000, 0x00000000e6100000| Complete 
|  98|0x00000000e6200000, 0x00000000e6300000, 0x00000000e6300000|100%| S|CS|TAMS 0x00000000e6200000, 0x00000000e6200000| Complete 
|  99|0x00000000e6300000, 0x00000000e6400000, 0x00000000e6400000|100%| S|CS|TAMS 0x00000000e6300000, 0x00000000e6300000| Complete 
| 100|0x00000000e6400000, 0x00000000e6500000, 0x00000000e6500000|100%| S|CS|TAMS 0x00000000e6400000, 0x00000000e6400000| Complete 
| 101|0x00000000e6500000, 0x00000000e6600000, 0x00000000e6600000|100%| S|CS|TAMS 0x00000000e6500000, 0x00000000e6500000| Complete 
| 102|0x00000000e6600000, 0x00000000e6700000, 0x00000000e6700000|100%| S|CS|TAMS 0x00000000e6600000, 0x00000000e6600000| Complete 
| 103|0x00000000e6700000, 0x00000000e6700000, 0x00000000e6800000|  0%| F|  |TAMS 0x00000000e6700000, 0x00000000e6700000| Untracked 
| 104|0x00000000e6800000, 0x00000000e6800000, 0x00000000e6900000|  0%| F|  |TAMS 0x00000000e6800000, 0x00000000e6800000| Untracked 
| 105|0x00000000e6900000, 0x00000000e6900000, 0x00000000e6a00000|  0%| F|  |TAMS 0x00000000e6900000, 0x00000000e6900000| Untracked 
| 106|0x00000000e6a00000, 0x00000000e6a00000, 0x00000000e6b00000|  0%| F|  |TAMS 0x00000000e6a00000, 0x00000000e6a00000| Untracked 
| 107|0x00000000e6b00000, 0x00000000e6b00000, 0x00000000e6c00000|  0%| F|  |TAMS 0x00000000e6b00000, 0x00000000e6b00000| Untracked 
| 108|0x00000000e6c00000, 0x00000000e6c00000, 0x00000000e6d00000|  0%| F|  |TAMS 0x00000000e6c00000, 0x00000000e6c00000| Untracked 
| 109|0x00000000e6d00000, 0x00000000e6d00000, 0x00000000e6e00000|  0%| F|  |TAMS 0x00000000e6d00000, 0x00000000e6d00000| Untracked 
| 110|0x00000000e6e00000, 0x00000000e6e00000, 0x00000000e6f00000|  0%| F|  |TAMS 0x00000000e6e00000, 0x00000000e6e00000| Untracked 
| 111|0x00000000e6f00000, 0x00000000e6f00000, 0x00000000e7000000|  0%| F|  |TAMS 0x00000000e6f00000, 0x00000000e6f00000| Untracked 
| 112|0x00000000e7000000, 0x00000000e7000000, 0x00000000e7100000|  0%| F|  |TAMS 0x00000000e7000000, 0x00000000e7000000| Untracked 
| 113|0x00000000e7100000, 0x00000000e7100000, 0x00000000e7200000|  0%| F|  |TAMS 0x00000000e7100000, 0x00000000e7100000| Untracked 
| 114|0x00000000e7200000, 0x00000000e7200000, 0x00000000e7300000|  0%| F|  |TAMS 0x00000000e7200000, 0x00000000e7200000| Untracked 
| 115|0x00000000e7300000, 0x00000000e7300000, 0x00000000e7400000|  0%| F|  |TAMS 0x00000000e7300000, 0x00000000e7300000| Untracked 
| 116|0x00000000e7400000, 0x00000000e7400000, 0x00000000e7500000|  0%| F|  |TAMS 0x00000000e7400000, 0x00000000e7400000| Untracked 
| 117|0x00000000e7500000, 0x00000000e7500000, 0x00000000e7600000|  0%| F|  |TAMS 0x00000000e7500000, 0x00000000e7500000| Untracked 
| 118|0x00000000e7600000, 0x00000000e7600000, 0x00000000e7700000|  0%| F|  |TAMS 0x00000000e7600000, 0x00000000e7600000| Untracked 
| 119|0x00000000e7700000, 0x00000000e7700000, 0x00000000e7800000|  0%| F|  |TAMS 0x00000000e7700000, 0x00000000e7700000| Untracked 
| 120|0x00000000e7800000, 0x00000000e7800000, 0x00000000e7900000|  0%| F|  |TAMS 0x00000000e7800000, 0x00000000e7800000| Untracked 
| 121|0x00000000e7900000, 0x00000000e7900000, 0x00000000e7a00000|  0%| F|  |TAMS 0x00000000e7900000, 0x00000000e7900000| Untracked 
| 122|0x00000000e7a00000, 0x00000000e7a00000, 0x00000000e7b00000|  0%| F|  |TAMS 0x00000000e7a00000, 0x00000000e7a00000| Untracked 
| 123|0x00000000e7b00000, 0x00000000e7b00000, 0x00000000e7c00000|  0%| F|  |TAMS 0x00000000e7b00000, 0x00000000e7b00000| Untracked 
| 124|0x00000000e7c00000, 0x00000000e7c00000, 0x00000000e7d00000|  0%| F|  |TAMS 0x00000000e7c00000, 0x00000000e7c00000| Untracked 
| 125|0x00000000e7d00000, 0x00000000e7d00000, 0x00000000e7e00000|  0%| F|  |TAMS 0x00000000e7d00000, 0x00000000e7d00000| Untracked 
| 126|0x00000000e7e00000, 0x00000000e7e00000, 0x00000000e7f00000|  0%| F|  |TAMS 0x00000000e7e00000, 0x00000000e7e00000| Untracked 
| 127|0x00000000e7f00000, 0x00000000e7f00000, 0x00000000e8000000|  0%| F|  |TAMS 0x00000000e7f00000, 0x00000000e7f00000| Untracked 
| 128|0x00000000e8000000, 0x00000000e8000000, 0x00000000e8100000|  0%| F|  |TAMS 0x00000000e8000000, 0x00000000e8000000| Untracked 
| 129|0x00000000e8100000, 0x00000000e8100000, 0x00000000e8200000|  0%| F|  |TAMS 0x00000000e8100000, 0x00000000e8100000| Untracked 
| 130|0x00000000e8200000, 0x00000000e8200000, 0x00000000e8300000|  0%| F|  |TAMS 0x00000000e8200000, 0x00000000e8200000| Untracked 
| 131|0x00000000e8300000, 0x00000000e8300000, 0x00000000e8400000|  0%| F|  |TAMS 0x00000000e8300000, 0x00000000e8300000| Untracked 
| 132|0x00000000e8400000, 0x00000000e8400000, 0x00000000e8500000|  0%| F|  |TAMS 0x00000000e8400000, 0x00000000e8400000| Untracked 
| 133|0x00000000e8500000, 0x00000000e8500000, 0x00000000e8600000|  0%| F|  |TAMS 0x00000000e8500000, 0x00000000e8500000| Untracked 
| 134|0x00000000e8600000, 0x00000000e8600000, 0x00000000e8700000|  0%| F|  |TAMS 0x00000000e8600000, 0x00000000e8600000| Untracked 
| 135|0x00000000e8700000, 0x00000000e8700000, 0x00000000e8800000|  0%| F|  |TAMS 0x00000000e8700000, 0x00000000e8700000| Untracked 
| 136|0x00000000e8800000, 0x00000000e8800000, 0x00000000e8900000|  0%| F|  |TAMS 0x00000000e8800000, 0x00000000e8800000| Untracked 
| 137|0x00000000e8900000, 0x00000000e8900000, 0x00000000e8a00000|  0%| F|  |TAMS 0x00000000e8900000, 0x00000000e8900000| Untracked 
| 138|0x00000000e8a00000, 0x00000000e8a00000, 0x00000000e8b00000|  0%| F|  |TAMS 0x00000000e8a00000, 0x00000000e8a00000| Untracked 
| 139|0x00000000e8b00000, 0x00000000e8b00000, 0x00000000e8c00000|  0%| F|  |TAMS 0x00000000e8b00000, 0x00000000e8b00000| Untracked 
| 140|0x00000000e8c00000, 0x00000000e8c00000, 0x00000000e8d00000|  0%| F|  |TAMS 0x00000000e8c00000, 0x00000000e8c00000| Untracked 
| 141|0x00000000e8d00000, 0x00000000e8d00000, 0x00000000e8e00000|  0%| F|  |TAMS 0x00000000e8d00000, 0x00000000e8d00000| Untracked 
| 142|0x00000000e8e00000, 0x00000000e8e00000, 0x00000000e8f00000|  0%| F|  |TAMS 0x00000000e8e00000, 0x00000000e8e00000| Untracked 
| 143|0x00000000e8f00000, 0x00000000e8f00000, 0x00000000e9000000|  0%| F|  |TAMS 0x00000000e8f00000, 0x00000000e8f00000| Untracked 
| 144|0x00000000e9000000, 0x00000000e9000000, 0x00000000e9100000|  0%| F|  |TAMS 0x00000000e9000000, 0x00000000e9000000| Untracked 
| 145|0x00000000e9100000, 0x00000000e9100000, 0x00000000e9200000|  0%| F|  |TAMS 0x00000000e9100000, 0x00000000e9100000| Untracked 
| 146|0x00000000e9200000, 0x00000000e9200000, 0x00000000e9300000|  0%| F|  |TAMS 0x00000000e9200000, 0x00000000e9200000| Untracked 
| 147|0x00000000e9300000, 0x00000000e9300000, 0x00000000e9400000|  0%| F|  |TAMS 0x00000000e9300000, 0x00000000e9300000| Untracked 
| 148|0x00000000e9400000, 0x00000000e9400000, 0x00000000e9500000|  0%| F|  |TAMS 0x00000000e9400000, 0x00000000e9400000| Untracked 
| 149|0x00000000e9500000, 0x00000000e9500000, 0x00000000e9600000|  0%| F|  |TAMS 0x00000000e9500000, 0x00000000e9500000| Untracked 
| 150|0x00000000e9600000, 0x00000000e9600000, 0x00000000e9700000|  0%| F|  |TAMS 0x00000000e9600000, 0x00000000e9600000| Untracked 
| 151|0x00000000e9700000, 0x00000000e9700000, 0x00000000e9800000|  0%| F|  |TAMS 0x00000000e9700000, 0x00000000e9700000| Untracked 
| 152|0x00000000e9800000, 0x00000000e9800000, 0x00000000e9900000|  0%| F|  |TAMS 0x00000000e9800000, 0x00000000e9800000| Untracked 
| 153|0x00000000e9900000, 0x00000000e9900000, 0x00000000e9a00000|  0%| F|  |TAMS 0x00000000e9900000, 0x00000000e9900000| Untracked 
| 154|0x00000000e9a00000, 0x00000000e9a00000, 0x00000000e9b00000|  0%| F|  |TAMS 0x00000000e9a00000, 0x00000000e9a00000| Untracked 
| 155|0x00000000e9b00000, 0x00000000e9b00000, 0x00000000e9c00000|  0%| F|  |TAMS 0x00000000e9b00000, 0x00000000e9b00000| Untracked 
| 156|0x00000000e9c00000, 0x00000000e9c00000, 0x00000000e9d00000|  0%| F|  |TAMS 0x00000000e9c00000, 0x00000000e9c00000| Untracked 
| 157|0x00000000e9d00000, 0x00000000e9d00000, 0x00000000e9e00000|  0%| F|  |TAMS 0x00000000e9d00000, 0x00000000e9d00000| Untracked 
| 158|0x00000000e9e00000, 0x00000000e9e00000, 0x00000000e9f00000|  0%| F|  |TAMS 0x00000000e9e00000, 0x00000000e9e00000| Untracked 
| 159|0x00000000e9f00000, 0x00000000e9f00000, 0x00000000ea000000|  0%| F|  |TAMS 0x00000000e9f00000, 0x00000000e9f00000| Untracked 
| 160|0x00000000ea000000, 0x00000000ea000000, 0x00000000ea100000|  0%| F|  |TAMS 0x00000000ea000000, 0x00000000ea000000| Untracked 
| 161|0x00000000ea100000, 0x00000000ea100000, 0x00000000ea200000|  0%| F|  |TAMS 0x00000000ea100000, 0x00000000ea100000| Untracked 
| 162|0x00000000ea200000, 0x00000000ea200000, 0x00000000ea300000|  0%| F|  |TAMS 0x00000000ea200000, 0x00000000ea200000| Untracked 
| 163|0x00000000ea300000, 0x00000000ea300000, 0x00000000ea400000|  0%| F|  |TAMS 0x00000000ea300000, 0x00000000ea300000| Untracked 
| 164|0x00000000ea400000, 0x00000000ea400000, 0x00000000ea500000|  0%| F|  |TAMS 0x00000000ea400000, 0x00000000ea400000| Untracked 
| 165|0x00000000ea500000, 0x00000000ea500000, 0x00000000ea600000|  0%| F|  |TAMS 0x00000000ea500000, 0x00000000ea500000| Untracked 
| 166|0x00000000ea600000, 0x00000000ea600000, 0x00000000ea700000|  0%| F|  |TAMS 0x00000000ea600000, 0x00000000ea600000| Untracked 
| 167|0x00000000ea700000, 0x00000000ea700000, 0x00000000ea800000|  0%| F|  |TAMS 0x00000000ea700000, 0x00000000ea700000| Untracked 
| 168|0x00000000ea800000, 0x00000000ea800000, 0x00000000ea900000|  0%| F|  |TAMS 0x00000000ea800000, 0x00000000ea800000| Untracked 
| 169|0x00000000ea900000, 0x00000000ea900000, 0x00000000eaa00000|  0%| F|  |TAMS 0x00000000ea900000, 0x00000000ea900000| Untracked 
| 170|0x00000000eaa00000, 0x00000000eaa00000, 0x00000000eab00000|  0%| F|  |TAMS 0x00000000eaa00000, 0x00000000eaa00000| Untracked 
| 171|0x00000000eab00000, 0x00000000eab00000, 0x00000000eac00000|  0%| F|  |TAMS 0x00000000eab00000, 0x00000000eab00000| Untracked 
| 172|0x00000000eac00000, 0x00000000eac00000, 0x00000000ead00000|  0%| F|  |TAMS 0x00000000eac00000, 0x00000000eac00000| Untracked 
| 173|0x00000000ead00000, 0x00000000ead00000, 0x00000000eae00000|  0%| F|  |TAMS 0x00000000ead00000, 0x00000000ead00000| Untracked 
| 174|0x00000000eae00000, 0x00000000eae00000, 0x00000000eaf00000|  0%| F|  |TAMS 0x00000000eae00000, 0x00000000eae00000| Untracked 
| 175|0x00000000eaf00000, 0x00000000eaf00000, 0x00000000eb000000|  0%| F|  |TAMS 0x00000000eaf00000, 0x00000000eaf00000| Untracked 
| 176|0x00000000eb000000, 0x00000000eb000000, 0x00000000eb100000|  0%| F|  |TAMS 0x00000000eb000000, 0x00000000eb000000| Untracked 
| 177|0x00000000eb100000, 0x00000000eb100000, 0x00000000eb200000|  0%| F|  |TAMS 0x00000000eb100000, 0x00000000eb100000| Untracked 
| 178|0x00000000eb200000, 0x00000000eb200000, 0x00000000eb300000|  0%| F|  |TAMS 0x00000000eb200000, 0x00000000eb200000| Untracked 
| 179|0x00000000eb300000, 0x00000000eb300000, 0x00000000eb400000|  0%| F|  |TAMS 0x00000000eb300000, 0x00000000eb300000| Untracked 
| 180|0x00000000eb400000, 0x00000000eb400000, 0x00000000eb500000|  0%| F|  |TAMS 0x00000000eb400000, 0x00000000eb400000| Untracked 
| 181|0x00000000eb500000, 0x00000000eb500000, 0x00000000eb600000|  0%| F|  |TAMS 0x00000000eb500000, 0x00000000eb500000| Untracked 
| 182|0x00000000eb600000, 0x00000000eb600000, 0x00000000eb700000|  0%| F|  |TAMS 0x00000000eb600000, 0x00000000eb600000| Untracked 
| 183|0x00000000eb700000, 0x00000000eb700000, 0x00000000eb800000|  0%| F|  |TAMS 0x00000000eb700000, 0x00000000eb700000| Untracked 
| 184|0x00000000eb800000, 0x00000000eb800000, 0x00000000eb900000|  0%| F|  |TAMS 0x00000000eb800000, 0x00000000eb800000| Untracked 
| 185|0x00000000eb900000, 0x00000000eb9a2a90, 0x00000000eba00000| 63%| E|  |TAMS 0x00000000eb900000, 0x00000000eb900000| Complete 
| 186|0x00000000eba00000, 0x00000000ebb00000, 0x00000000ebb00000|100%| E|CS|TAMS 0x00000000eba00000, 0x00000000eba00000| Complete 
| 187|0x00000000ebb00000, 0x00000000ebc00000, 0x00000000ebc00000|100%| E|CS|TAMS 0x00000000ebb00000, 0x00000000ebb00000| Complete 
| 188|0x00000000ebc00000, 0x00000000ebd00000, 0x00000000ebd00000|100%| E|CS|TAMS 0x00000000ebc00000, 0x00000000ebc00000| Complete 
| 189|0x00000000ebd00000, 0x00000000ebe00000, 0x00000000ebe00000|100%| E|CS|TAMS 0x00000000ebd00000, 0x00000000ebd00000| Complete 
| 190|0x00000000ebe00000, 0x00000000ebf00000, 0x00000000ebf00000|100%| E|CS|TAMS 0x00000000ebe00000, 0x00000000ebe00000| Complete 
| 191|0x00000000ebf00000, 0x00000000ec000000, 0x00000000ec000000|100%| E|CS|TAMS 0x00000000ebf00000, 0x00000000ebf00000| Complete 
| 192|0x00000000ec000000, 0x00000000ec100000, 0x00000000ec100000|100%| E|CS|TAMS 0x00000000ec000000, 0x00000000ec000000| Complete 
| 193|0x00000000ec100000, 0x00000000ec200000, 0x00000000ec200000|100%| E|CS|TAMS 0x00000000ec100000, 0x00000000ec100000| Complete 
| 194|0x00000000ec200000, 0x00000000ec300000, 0x00000000ec300000|100%| E|CS|TAMS 0x00000000ec200000, 0x00000000ec200000| Complete 
| 195|0x00000000ec300000, 0x00000000ec400000, 0x00000000ec400000|100%| E|CS|TAMS 0x00000000ec300000, 0x00000000ec300000| Complete 
| 196|0x00000000ec400000, 0x00000000ec500000, 0x00000000ec500000|100%| E|CS|TAMS 0x00000000ec400000, 0x00000000ec400000| Complete 
| 197|0x00000000ec500000, 0x00000000ec600000, 0x00000000ec600000|100%| E|CS|TAMS 0x00000000ec500000, 0x00000000ec500000| Complete 
| 198|0x00000000ec600000, 0x00000000ec700000, 0x00000000ec700000|100%| E|CS|TAMS 0x00000000ec600000, 0x00000000ec600000| Complete 
| 199|0x00000000ec700000, 0x00000000ec800000, 0x00000000ec800000|100%| E|CS|TAMS 0x00000000ec700000, 0x00000000ec700000| Complete 
| 200|0x00000000ec800000, 0x00000000ec900000, 0x00000000ec900000|100%| E|CS|TAMS 0x00000000ec800000, 0x00000000ec800000| Complete 
| 201|0x00000000ec900000, 0x00000000eca00000, 0x00000000eca00000|100%| E|CS|TAMS 0x00000000ec900000, 0x00000000ec900000| Complete 
| 202|0x00000000eca00000, 0x00000000ecb00000, 0x00000000ecb00000|100%| E|CS|TAMS 0x00000000eca00000, 0x00000000eca00000| Complete 
| 203|0x00000000ecb00000, 0x00000000ecc00000, 0x00000000ecc00000|100%| E|CS|TAMS 0x00000000ecb00000, 0x00000000ecb00000| Complete 
| 204|0x00000000ecc00000, 0x00000000ecd00000, 0x00000000ecd00000|100%| E|CS|TAMS 0x00000000ecc00000, 0x00000000ecc00000| Complete 
| 205|0x00000000ecd00000, 0x00000000ece00000, 0x00000000ece00000|100%| E|CS|TAMS 0x00000000ecd00000, 0x00000000ecd00000| Complete 
| 206|0x00000000ece00000, 0x00000000ecf00000, 0x00000000ecf00000|100%| E|CS|TAMS 0x00000000ece00000, 0x00000000ece00000| Complete 
| 207|0x00000000ecf00000, 0x00000000ed000000, 0x00000000ed000000|100%| E|CS|TAMS 0x00000000ecf00000, 0x00000000ecf00000| Complete 
| 208|0x00000000ed000000, 0x00000000ed100000, 0x00000000ed100000|100%| E|CS|TAMS 0x00000000ed000000, 0x00000000ed000000| Complete 
| 209|0x00000000ed100000, 0x00000000ed200000, 0x00000000ed200000|100%| E|CS|TAMS 0x00000000ed100000, 0x00000000ed100000| Complete 
| 210|0x00000000ed200000, 0x00000000ed300000, 0x00000000ed300000|100%| E|CS|TAMS 0x00000000ed200000, 0x00000000ed200000| Complete 
| 211|0x00000000ed300000, 0x00000000ed400000, 0x00000000ed400000|100%| E|CS|TAMS 0x00000000ed300000, 0x00000000ed300000| Complete 
| 212|0x00000000ed400000, 0x00000000ed500000, 0x00000000ed500000|100%| E|CS|TAMS 0x00000000ed400000, 0x00000000ed400000| Complete 
| 213|0x00000000ed500000, 0x00000000ed600000, 0x00000000ed600000|100%| E|CS|TAMS 0x00000000ed500000, 0x00000000ed500000| Complete 
| 214|0x00000000ed600000, 0x00000000ed700000, 0x00000000ed700000|100%| E|CS|TAMS 0x00000000ed600000, 0x00000000ed600000| Complete 
| 215|0x00000000ed700000, 0x00000000ed800000, 0x00000000ed800000|100%| E|CS|TAMS 0x00000000ed700000, 0x00000000ed700000| Complete 
| 216|0x00000000ed800000, 0x00000000ed900000, 0x00000000ed900000|100%| E|CS|TAMS 0x00000000ed800000, 0x00000000ed800000| Complete 
| 217|0x00000000ed900000, 0x00000000eda00000, 0x00000000eda00000|100%| E|CS|TAMS 0x00000000ed900000, 0x00000000ed900000| Complete 
| 218|0x00000000eda00000, 0x00000000edb00000, 0x00000000edb00000|100%| E|CS|TAMS 0x00000000eda00000, 0x00000000eda00000| Complete 
| 219|0x00000000edb00000, 0x00000000edc00000, 0x00000000edc00000|100%| E|CS|TAMS 0x00000000edb00000, 0x00000000edb00000| Complete 
| 220|0x00000000edc00000, 0x00000000edd00000, 0x00000000edd00000|100%| E|CS|TAMS 0x00000000edc00000, 0x00000000edc00000| Complete 
| 221|0x00000000edd00000, 0x00000000ede00000, 0x00000000ede00000|100%| E|CS|TAMS 0x00000000edd00000, 0x00000000edd00000| Complete 
| 222|0x00000000ede00000, 0x00000000edf00000, 0x00000000edf00000|100%| E|CS|TAMS 0x00000000ede00000, 0x00000000ede00000| Complete 
| 223|0x00000000edf00000, 0x00000000ee000000, 0x00000000ee000000|100%| E|CS|TAMS 0x00000000edf00000, 0x00000000edf00000| Complete 
| 224|0x00000000ee000000, 0x00000000ee100000, 0x00000000ee100000|100%| E|CS|TAMS 0x00000000ee000000, 0x00000000ee000000| Complete 
| 225|0x00000000ee100000, 0x00000000ee200000, 0x00000000ee200000|100%| E|CS|TAMS 0x00000000ee100000, 0x00000000ee100000| Complete 
| 226|0x00000000ee200000, 0x00000000ee300000, 0x00000000ee300000|100%| E|CS|TAMS 0x00000000ee200000, 0x00000000ee200000| Complete 
| 227|0x00000000ee300000, 0x00000000ee400000, 0x00000000ee400000|100%| E|CS|TAMS 0x00000000ee300000, 0x00000000ee300000| Complete 
| 228|0x00000000ee400000, 0x00000000ee500000, 0x00000000ee500000|100%| E|CS|TAMS 0x00000000ee400000, 0x00000000ee400000| Complete 
| 229|0x00000000ee500000, 0x00000000ee600000, 0x00000000ee600000|100%| E|CS|TAMS 0x00000000ee500000, 0x00000000ee500000| Complete 
| 230|0x00000000ee600000, 0x00000000ee700000, 0x00000000ee700000|100%| E|CS|TAMS 0x00000000ee600000, 0x00000000ee600000| Complete 
| 231|0x00000000ee700000, 0x00000000ee800000, 0x00000000ee800000|100%| E|CS|TAMS 0x00000000ee700000, 0x00000000ee700000| Complete 
| 232|0x00000000ee800000, 0x00000000ee900000, 0x00000000ee900000|100%| E|CS|TAMS 0x00000000ee800000, 0x00000000ee800000| Complete 
| 233|0x00000000ee900000, 0x00000000eea00000, 0x00000000eea00000|100%| E|CS|TAMS 0x00000000ee900000, 0x00000000ee900000| Complete 
| 234|0x00000000eea00000, 0x00000000eeb00000, 0x00000000eeb00000|100%| E|CS|TAMS 0x00000000eea00000, 0x00000000eea00000| Complete 
| 235|0x00000000eeb00000, 0x00000000eec00000, 0x00000000eec00000|100%| E|CS|TAMS 0x00000000eeb00000, 0x00000000eeb00000| Complete 
| 236|0x00000000eec00000, 0x00000000eed00000, 0x00000000eed00000|100%| E|  |TAMS 0x00000000eec00000, 0x00000000eec00000| Complete 
| 237|0x00000000eed00000, 0x00000000eee00000, 0x00000000eee00000|100%| E|CS|TAMS 0x00000000eed00000, 0x00000000eed00000| Complete 
| 238|0x00000000eee00000, 0x00000000eef00000, 0x00000000eef00000|100%| E|CS|TAMS 0x00000000eee00000, 0x00000000eee00000| Complete 
| 239|0x00000000eef00000, 0x00000000ef000000, 0x00000000ef000000|100%| E|CS|TAMS 0x00000000eef00000, 0x00000000eef00000| Complete 
| 240|0x00000000ef000000, 0x00000000ef100000, 0x00000000ef100000|100%| E|CS|TAMS 0x00000000ef000000, 0x00000000ef000000| Complete 
| 241|0x00000000ef100000, 0x00000000ef200000, 0x00000000ef200000|100%| E|CS|TAMS 0x00000000ef100000, 0x00000000ef100000| Complete 
| 242|0x00000000ef200000, 0x00000000ef300000, 0x00000000ef300000|100%| E|CS|TAMS 0x00000000ef200000, 0x00000000ef200000| Complete 
| 243|0x00000000ef300000, 0x00000000ef400000, 0x00000000ef400000|100%| E|CS|TAMS 0x00000000ef300000, 0x00000000ef300000| Complete 
| 244|0x00000000ef400000, 0x00000000ef500000, 0x00000000ef500000|100%| E|CS|TAMS 0x00000000ef400000, 0x00000000ef400000| Complete 
| 245|0x00000000ef500000, 0x00000000ef600000, 0x00000000ef600000|100%| E|CS|TAMS 0x00000000ef500000, 0x00000000ef500000| Complete 
| 246|0x00000000ef600000, 0x00000000ef700000, 0x00000000ef700000|100%| E|CS|TAMS 0x00000000ef600000, 0x00000000ef600000| Complete 
| 247|0x00000000ef700000, 0x00000000ef800000, 0x00000000ef800000|100%| E|CS|TAMS 0x00000000ef700000, 0x00000000ef700000| Complete 
| 248|0x00000000ef800000, 0x00000000ef900000, 0x00000000ef900000|100%| E|CS|TAMS 0x00000000ef800000, 0x00000000ef800000| Complete 
| 249|0x00000000ef900000, 0x00000000efa00000, 0x00000000efa00000|100%| E|CS|TAMS 0x00000000ef900000, 0x00000000ef900000| Complete 
| 250|0x00000000efa00000, 0x00000000efb00000, 0x00000000efb00000|100%| E|CS|TAMS 0x00000000efa00000, 0x00000000efa00000| Complete 
| 251|0x00000000efb00000, 0x00000000efc00000, 0x00000000efc00000|100%| E|CS|TAMS 0x00000000efb00000, 0x00000000efb00000| Complete 
| 252|0x00000000efc00000, 0x00000000efd00000, 0x00000000efd00000|100%| E|CS|TAMS 0x00000000efc00000, 0x00000000efc00000| Complete 
| 253|0x00000000efd00000, 0x00000000efe00000, 0x00000000efe00000|100%| E|CS|TAMS 0x00000000efd00000, 0x00000000efd00000| Complete 
| 254|0x00000000efe00000, 0x00000000eff00000, 0x00000000eff00000|100%| E|CS|TAMS 0x00000000efe00000, 0x00000000efe00000| Complete 
| 255|0x00000000eff00000, 0x00000000f0000000, 0x00000000f0000000|100%| E|CS|TAMS 0x00000000eff00000, 0x00000000eff00000| Complete 

Card table byte_map: [0x0000019c5e030000,0x0000019c5e130000] _byte_map_base: 0x0000019c5d930000

Marking Bits (Prev, Next): (CMBitMap*) 0x0000019c46920fe0, (CMBitMap*) 0x0000019c46920fa8
 Prev Bits: [0x0000019c5ea30000, 0x0000019c5f230000)
 Next Bits: [0x0000019c5e230000, 0x0000019c5ea30000)

Polling page: 0x0000019c448b0000

Metaspace:

Usage:
  Non-class:     58.01 MB capacity,    56.63 MB ( 98%) used,     1.17 MB (  2%) free+waste,   210.38 KB ( <1%) overhead. 
      Class:      9.08 MB capacity,     8.33 MB ( 92%) used,   659.04 KB (  7%) free+waste,    99.94 KB (  1%) overhead. 
       Both:     67.09 MB capacity,    64.97 MB ( 97%) used,     1.81 MB (  3%) free+waste,   310.31 KB ( <1%) overhead. 

Virtual space:
  Non-class space:       60.00 MB reserved,      58.08 MB ( 97%) committed 
      Class space:      248.00 MB reserved,       9.13 MB (  4%) committed 
             Both:      308.00 MB reserved,      67.20 MB ( 22%) committed 

Chunk freelists:
   Non-Class:  5.00 KB
       Class:  0 bytes
        Both:  5.00 KB

MaxMetaspaceSize: 256.00 MB
CompressedClassSpaceSize: 248.00 MB
Initial GC threshold: 20.80 MB
Current GC threshold: 98.88 MB
CDS: off

CodeHeap 'non-profiled nmethods': size=120064Kb used=5456Kb max_used=5456Kb free=114607Kb
 bounds [0x0000019c56af0000, 0x0000019c57050000, 0x0000019c5e030000]
CodeHeap 'profiled nmethods': size=120000Kb used=17615Kb max_used=17615Kb free=102384Kb
 bounds [0x0000019c4f5c0000, 0x0000019c50700000, 0x0000019c56af0000]
CodeHeap 'non-nmethods': size=5696Kb used=2349Kb max_used=2394Kb free=3346Kb
 bounds [0x0000019c4f030000, 0x0000019c4f2a0000, 0x0000019c4f5c0000]
 total_blobs=9036 nmethods=8171 adapters=777
 compilation: enabled
              stopped_count=0, restarted_count=0
 full_count=0

Compilation events (20 events):
Event: 78.623 Thread 0x0000019c620c5800 8221       3       io.spring.gradle.dependencymanagement.org.apache.maven.model.ReportPlugin::<init> (16 bytes)
Event: 78.623 Thread 0x0000019c620c5800 nmethod 8221 0x0000019c506ea790 code [0x0000019c506ea960, 0x0000019c506eabb8]
Event: 78.623 Thread 0x0000019c620c5800 8222       3       io.spring.gradle.dependencymanagement.org.apache.maven.model.ReportPlugin::getReportSets (23 bytes)
Event: 78.624 Thread 0x0000019c620c5800 nmethod 8222 0x0000019c506eac90 code [0x0000019c506eae60, 0x0000019c506eb238]
Event: 78.624 Thread 0x0000019c620c5800 8223       1       io.spring.gradle.dependencymanagement.org.apache.maven.model.DistributionManagement::getSite (5 bytes)
Event: 78.624 Thread 0x0000019c620c5800 nmethod 8223 0x0000019c57043a90 code [0x0000019c57043c40, 0x0000019c57043cf8]
Event: 78.624 Thread 0x0000019c620c5800 8224       1       io.spring.gradle.dependencymanagement.org.apache.maven.model.Organization::getName (5 bytes)
Event: 78.624 Thread 0x0000019c620c5800 nmethod 8224 0x0000019c57043d90 code [0x0000019c57043f40, 0x0000019c57043ff8]
Event: 78.625 Thread 0x0000019c620c5800 8225       3       io.spring.gradle.dependencymanagement.org.apache.maven.model.merge.MavenModelMerger::getReportPluginKey (5 bytes)
Event: 78.625 Thread 0x0000019c620c5800 nmethod 8225 0x0000019c506eb390 code [0x0000019c506eb5c0, 0x0000019c506ebaa8]
Event: 78.626 Thread 0x0000019c620c5800 8226       3       io.spring.gradle.dependencymanagement.org.apache.maven.model.merge.MavenModelMerger::concatPath (202 bytes)
Event: 78.631 Thread 0x0000019c620c5800 nmethod 8226 0x0000019c506ebd10 code [0x0000019c506ec3a0, 0x0000019c506ef698]
Event: 78.633 Thread 0x0000019c620c5800 8229       3       io.spring.gradle.dependencymanagement.org.apache.maven.model.profile.DefaultProfileSelector::addProfileActivator (17 bytes)
Event: 78.633 Thread 0x0000019c620c5800 nmethod 8229 0x0000019c506f0710 code [0x0000019c506f08c0, 0x0000019c506f0ac8]
Event: 78.634 Thread 0x0000019c620c5800 8231       3       io.spring.gradle.dependencymanagement.org.apache.maven.model.path.DefaultPathTranslator::<init> (5 bytes)
Event: 78.634 Thread 0x0000019c620c5800 nmethod 8231 0x0000019c506f0b90 code [0x0000019c506f0d40, 0x0000019c506f0e98]
Event: 78.634 Thread 0x0000019c620c5800 8230       1       io.spring.gradle.dependencymanagement.org.codehaus.plexus.interpolation.StringSearchInterpolator::setCacheAnswers (6 bytes)
Event: 78.634 Thread 0x0000019c620c5800 nmethod 8230 0x0000019c57044090 code [0x0000019c57044240, 0x0000019c570442f8]
Event: 78.696 Thread 0x0000019c620c5800 8232       3       io.spring.gradle.dependencymanagement.org.apache.maven.model.building.ModelData::getId (48 bytes)
Event: 78.697 Thread 0x0000019c620c5800 nmethod 8232 0x0000019c506f0f90 code [0x0000019c506f1240, 0x0000019c506f1df8]

GC Heap History (18 events):
Event: 3.474 GC heap before
{Heap before GC invocations=0 (full 0):
 garbage-first heap   total 262144K, used 16384K [0x00000000e0000000, 0x0000000100000000)
  region size 1024K, 14 young (14336K), 0 survivors (0K)
 Metaspace       used 6770K, capacity 7001K, committed 7168K, reserved 262144K
  class space    used 573K, capacity 650K, committed 768K, reserved 253952K
}
Event: 3.484 GC heap after
{Heap after GC invocations=1 (full 0):
 garbage-first heap   total 262144K, used 3908K [0x00000000e0000000, 0x0000000100000000)
  region size 1024K, 2 young (2048K), 2 survivors (2048K)
 Metaspace       used 6770K, capacity 7001K, committed 7168K, reserved 262144K
  class space    used 573K, capacity 650K, committed 768K, reserved 253952K
}
Event: 9.628 GC heap before
{Heap before GC invocations=1 (full 0):
 garbage-first heap   total 262144K, used 54084K [0x00000000e0000000, 0x0000000100000000)
  region size 1024K, 47 young (48128K), 2 survivors (2048K)
 Metaspace       used 11319K, capacity 11581K, committed 11776K, reserved 266240K
  class space    used 1148K, capacity 1243K, committed 1280K, reserved 253952K
}
Event: 9.637 GC heap after
{Heap after GC invocations=2 (full 0):
 garbage-first heap   total 262144K, used 14518K [0x00000000e0000000, 0x0000000100000000)
  region size 1024K, 6 young (6144K), 6 survivors (6144K)
 Metaspace       used 11319K, capacity 11581K, committed 11776K, reserved 266240K
  class space    used 1148K, capacity 1243K, committed 1280K, reserved 253952K
}
Event: 17.889 GC heap before
{Heap before GC invocations=2 (full 0):
 garbage-first heap   total 262144K, used 56502K [0x00000000e0000000, 0x0000000100000000)
  region size 1024K, 47 young (48128K), 6 survivors (6144K)
 Metaspace       used 18887K, capacity 19356K, committed 19584K, reserved 272384K
  class space    used 2210K, capacity 2350K, committed 2432K, reserved 253952K
}
Event: 17.918 GC heap after
{Heap after GC invocations=3 (full 0):
 garbage-first heap   total 262144K, used 17196K [0x00000000e0000000, 0x0000000100000000)
  region size 1024K, 3 young (3072K), 3 survivors (3072K)
 Metaspace       used 18887K, capacity 19356K, committed 19584K, reserved 272384K
  class space    used 2210K, capacity 2350K, committed 2432K, reserved 253952K
}
Event: 18.739 GC heap before
{Heap before GC invocations=3 (full 0):
 garbage-first heap   total 262144K, used 36652K [0x00000000e0000000, 0x0000000100000000)
  region size 1024K, 23 young (23552K), 3 survivors (3072K)
 Metaspace       used 20785K, capacity 21160K, committed 21296K, reserved 274432K
  class space    used 2513K, capacity 2652K, committed 2688K, reserved 253952K
}
Event: 18.747 GC heap after
{Heap after GC invocations=4 (full 0):
 garbage-first heap   total 262144K, used 17942K [0x00000000e0000000, 0x0000000100000000)
  region size 1024K, 4 young (4096K), 4 survivors (4096K)
 Metaspace       used 20785K, capacity 21160K, committed 21296K, reserved 274432K
  class space    used 2513K, capacity 2652K, committed 2688K, reserved 253952K
}
Event: 22.018 GC heap before
{Heap before GC invocations=5 (full 0):
 garbage-first heap   total 262144K, used 68118K [0x00000000e0000000, 0x0000000100000000)
  region size 1024K, 53 young (54272K), 4 survivors (4096K)
 Metaspace       used 25963K, capacity 26604K, committed 26800K, reserved 278528K
  class space    used 3348K, capacity 3582K, committed 3584K, reserved 253952K
}
Event: 22.036 GC heap after
{Heap after GC invocations=6 (full 0):
 garbage-first heap   total 262144K, used 19539K [0x00000000e0000000, 0x0000000100000000)
  region size 1024K, 6 young (6144K), 6 survivors (6144K)
 Metaspace       used 25963K, capacity 26604K, committed 26800K, reserved 278528K
  class space    used 3348K, capacity 3582K, committed 3584K, reserved 253952K
}
Event: 26.441 GC heap before
{Heap before GC invocations=6 (full 0):
 garbage-first heap   total 262144K, used 93267K [0x00000000e0000000, 0x0000000100000000)
  region size 1024K, 79 young (80896K), 6 survivors (6144K)
 Metaspace       used 34974K, capacity 35827K, committed 35920K, reserved 286720K
  class space    used 4552K, capacity 4855K, committed 4864K, reserved 253952K
}
Event: 26.462 GC heap after
{Heap after GC invocations=7 (full 0):
 garbage-first heap   total 262144K, used 22909K [0x00000000e0000000, 0x0000000100000000)
  region size 1024K, 9 young (9216K), 9 survivors (9216K)
 Metaspace       used 34974K, capacity 35827K, committed 35920K, reserved 286720K
  class space    used 4552K, capacity 4855K, committed 4864K, reserved 253952K
}
Event: 34.370 GC heap before
{Heap before GC invocations=8 (full 0):
 garbage-first heap   total 262144K, used 173437K [0x00000000e0000000, 0x0000000100000000)
  region size 1024K, 153 young (156672K), 9 survivors (9216K)
 Metaspace       used 48424K, capacity 49615K, committed 49840K, reserved 299008K
  class space    used 6191K, capacity 6648K, committed 6656K, reserved 253952K
}
Event: 34.470 GC heap after
{Heap after GC invocations=9 (full 0):
 garbage-first heap   total 262144K, used 31124K [0x00000000e0000000, 0x0000000100000000)
  region size 1024K, 17 young (17408K), 17 survivors (17408K)
 Metaspace       used 48424K, capacity 49615K, committed 49840K, reserved 299008K
  class space    used 6191K, capacity 6648K, committed 6656K, reserved 253952K
}
Event: 44.507 GC heap before
{Heap before GC invocations=9 (full 0):
 garbage-first heap   total 262144K, used 104852K [0x00000000e0000000, 0x0000000100000000)
  region size 1024K, 90 young (92160K), 17 survivors (17408K)
 Metaspace       used 58827K, capacity 60258K, committed 60336K, reserved 307200K
  class space    used 7540K, capacity 8116K, committed 8192K, reserved 253952K
}
Event: 44.624 GC heap after
{Heap after GC invocations=10 (full 0):
 garbage-first heap   total 262144K, used 36597K [0x00000000e0000000, 0x0000000100000000)
  region size 1024K, 14 young (14336K), 14 survivors (14336K)
 Metaspace       used 58827K, capacity 60258K, committed 60336K, reserved 307200K
  class space    used 7540K, capacity 8116K, committed 8192K, reserved 253952K
}
Event: 68.069 GC heap before
{Heap before GC invocations=11 (full 0):
 garbage-first heap   total 262144K, used 177909K [0x00000000e0000000, 0x0000000100000000)
  region size 1024K, 153 young (156672K), 14 survivors (14336K)
 Metaspace       used 65614K, capacity 67658K, committed 67792K, reserved 313344K
  class space    used 8488K, capacity 9232K, committed 9344K, reserved 253952K
}
Event: 68.318 GC heap after
{Heap after GC invocations=12 (full 0):
 garbage-first heap   total 262144K, used 45888K [0x00000000e0000000, 0x0000000100000000)
  region size 1024K, 15 young (15360K), 15 survivors (15360K)
 Metaspace       used 65614K, capacity 67658K, committed 67792K, reserved 313344K
  class space    used 8488K, capacity 9232K, committed 9344K, reserved 253952K
}

Deoptimization events (20 events):
Event: 75.257 Thread 0x0000019c662c5800 Uncommon trap: trap_request=0xffffffbe fr.pc=0x0000019c56f530dc relative=0x00000000000033dc
Event: 75.257 Thread 0x0000019c662c5800 Uncommon trap: reason=profile_predicate action=maybe_recompile pc=0x0000019c56f530dc method=io.spring.gradle.dependencymanagement.org.apache.maven.model.interpolation.StringSearchModelInterpolator$InterpolateObjectAction.interpolateMapField(Ljava/lang/Obj
Event: 75.257 Thread 0x0000019c662c5800 DEOPT PACKING pc=0x0000019c56f530dc sp=0x0000006b114f90a0
Event: 75.257 Thread 0x0000019c662c5800 DEOPT UNPACKING pc=0x0000019c4f07a1af sp=0x0000006b114f9038 mode 2
Event: 75.257 Thread 0x0000019c662c5800 Uncommon trap: trap_request=0xffffffbe fr.pc=0x0000019c56f530dc relative=0x00000000000033dc
Event: 75.257 Thread 0x0000019c662c5800 Uncommon trap: reason=profile_predicate action=maybe_recompile pc=0x0000019c56f530dc method=io.spring.gradle.dependencymanagement.org.apache.maven.model.interpolation.StringSearchModelInterpolator$InterpolateObjectAction.interpolateMapField(Ljava/lang/Obj
Event: 75.257 Thread 0x0000019c662c5800 DEOPT PACKING pc=0x0000019c56f530dc sp=0x0000006b114f90a0
Event: 75.258 Thread 0x0000019c662c5800 DEOPT UNPACKING pc=0x0000019c4f07a1af sp=0x0000006b114f9038 mode 2
Event: 76.963 Thread 0x0000019c662c5800 Uncommon trap: trap_request=0xffffff4d fr.pc=0x0000019c56f15d48 relative=0x00000000000021c8
Event: 76.963 Thread 0x0000019c662c5800 Uncommon trap: reason=unstable_if action=reinterpret pc=0x0000019c56f15d48 method=io.spring.gradle.dependencymanagement.org.codehaus.plexus.util.xml.pull.MXParser.isS(C)Z @ 21 c2
Event: 76.963 Thread 0x0000019c662c5800 DEOPT PACKING pc=0x0000019c56f15d48 sp=0x0000006b114fa930
Event: 76.963 Thread 0x0000019c662c5800 DEOPT UNPACKING pc=0x0000019c4f07a1af sp=0x0000006b114fa868 mode 2
Event: 77.726 Thread 0x0000019c662c5800 Uncommon trap: trap_request=0xffffff4d fr.pc=0x0000019c56fea560 relative=0x0000000000005e60
Event: 77.726 Thread 0x0000019c662c5800 Uncommon trap: reason=unstable_if action=reinterpret pc=0x0000019c56fea560 method=io.spring.gradle.dependencymanagement.org.codehaus.plexus.interpolation.StringSearchInterpolator.interpolate(Ljava/lang/String;Lio/spring/gradle/dependencymanagement/org/cod
Event: 77.726 Thread 0x0000019c662c5800 DEOPT PACKING pc=0x0000019c56fea560 sp=0x0000006b114f8f00
Event: 77.726 Thread 0x0000019c662c5800 DEOPT UNPACKING pc=0x0000019c4f07a1af sp=0x0000006b114f8ef0 mode 2
Event: 78.160 Thread 0x0000019c662c5800 Uncommon trap: trap_request=0xffffff4d fr.pc=0x0000019c56d3611c relative=0x000000000000053c
Event: 78.160 Thread 0x0000019c662c5800 Uncommon trap: reason=unstable_if action=reinterpret pc=0x0000019c56d3611c method=java.lang.String.replace(CC)Ljava/lang/String; @ 2 c2
Event: 78.160 Thread 0x0000019c662c5800 DEOPT PACKING pc=0x0000019c56d3611c sp=0x0000006b114fa560
Event: 78.160 Thread 0x0000019c662c5800 DEOPT UNPACKING pc=0x0000019c4f07a1af sp=0x0000006b114fa508 mode 2

Classes redefined (0 events):
No events

Internal exceptions (20 events):
Event: 54.104 Thread 0x0000019c625f1800 Exception <a 'java/lang/ClassNotFoundException'{0x00000000e9ba4b10}: org/gradle/language/jvm/tasks/ProcessResourcesBeanInfo> (0x00000000e9ba4b10) thrown at [./src/hotspot/share/classfile/systemDictionary.cpp, line 230]
Event: 54.105 Thread 0x0000019c625f1800 Exception <a 'java/lang/ClassNotFoundException'{0x00000000e9bb8c20}: org/gradle/api/tasks/CopyBeanInfo> (0x00000000e9bb8c20) thrown at [./src/hotspot/share/classfile/systemDictionary.cpp, line 230]
Event: 54.110 Thread 0x0000019c625f1800 Exception <a 'java/lang/ClassNotFoundException'{0x00000000e9bcf1e8}: org/gradle/api/tasks/AbstractCopyTaskBeanInfo> (0x00000000e9bcf1e8) thrown at [./src/hotspot/share/classfile/systemDictionary.cpp, line 230]
Event: 54.111 Thread 0x0000019c625f1800 Exception <a 'java/lang/ClassNotFoundException'{0x00000000e9be5948}: org/gradle/api/tasks/AbstractCopyTaskCustomizer> (0x00000000e9be5948) thrown at [./src/hotspot/share/classfile/systemDictionary.cpp, line 230]
Event: 54.142 Thread 0x0000019c625f1800 Exception <a 'java/lang/ClassNotFoundException'{0x00000000e9a68ec0}: org/gradle/api/tasks/CopyCustomizer> (0x00000000e9a68ec0) thrown at [./src/hotspot/share/classfile/systemDictionary.cpp, line 230]
Event: 54.145 Thread 0x0000019c625f1800 Exception <a 'java/lang/ClassNotFoundException'{0x00000000e9aa2b60}: org/gradle/language/jvm/tasks/ProcessResourcesCustomizer> (0x00000000e9aa2b60) thrown at [./src/hotspot/share/classfile/systemDictionary.cpp, line 230]
Event: 54.147 Thread 0x0000019c625f1800 Exception <a 'java/lang/ClassNotFoundException'{0x00000000e9adc608}: org/gradle/language/jvm/tasks/ProcessResources_DecoratedCustomizer> (0x00000000e9adc608) thrown at [./src/hotspot/share/classfile/systemDictionary.cpp, line 230]
Event: 54.158 Thread 0x0000019c625f1800 Exception <a 'java/lang/ClassNotFoundException'{0x00000000e997ab80}: org/gradle/api/DefaultTask_DecoratedBeanInfo> (0x00000000e997ab80) thrown at [./src/hotspot/share/classfile/systemDictionary.cpp, line 230]
Event: 54.159 Thread 0x0000019c625f1800 Exception <a 'java/lang/ClassNotFoundException'{0x00000000e9991348}: org/gradle/api/DefaultTask_DecoratedCustomizer> (0x00000000e9991348) thrown at [./src/hotspot/share/classfile/systemDictionary.cpp, line 230]
Event: 54.195 Thread 0x0000019c625f1800 Exception <a 'java/lang/ClassNotFoundException'{0x00000000e981f208}: java/lang/ClassBeanInfo> (0x00000000e981f208) thrown at [./src/hotspot/share/classfile/systemDictionary.cpp, line 230]
Event: 54.197 Thread 0x0000019c625f1800 Exception <a 'java/lang/ClassNotFoundException'{0x00000000e9829210}: java/lang/ClassCustomizer> (0x00000000e9829210) thrown at [./src/hotspot/share/classfile/systemDictionary.cpp, line 230]
Event: 54.244 Thread 0x0000019c625f1800 Implicit null exception at 0x0000019c56e7cec1 to 0x0000019c56e7d950
Event: 54.554 Thread 0x0000019c662c4000 Exception <a 'java/lang/NoSuchMethodError'{0x00000000e96d3f08}: 'java.lang.Object java.lang.invoke.Invokers$Holder.linkToTargetMethod(java.lang.Object, java.lang.Object, java.lang.Object, int, java.lang.Object, java.lang.Object)'> (0x00000000e96d3f08) thrown at [./src/hotspot/share/interpreter/linkResolver.cpp, line 773]
Event: 56.796 Thread 0x0000019c63a0c000 Exception <a 'java/lang/NoSuchMethodError'{0x00000000ee95cd08}: <clinit>> (0x00000000ee95cd08) thrown at [./src/hotspot/share/prims/jni.cpp, line 1366]
Event: 56.798 Thread 0x0000019c63a0c000 Exception <a 'java/lang/NoSuchMethodError'{0x00000000ee95e3d8}: <clinit>> (0x00000000ee95e3d8) thrown at [./src/hotspot/share/prims/jni.cpp, line 1366]
Event: 56.801 Thread 0x0000019c63a0c000 Exception <a 'java/lang/NoSuchMethodError'{0x00000000ee968630}: <clinit>> (0x00000000ee968630) thrown at [./src/hotspot/share/prims/jni.cpp, line 1366]
Event: 56.809 Thread 0x0000019c63a0c000 Exception <a 'java/lang/NoSuchMethodError'{0x00000000e9317398}: <clinit>> (0x00000000e9317398) thrown at [./src/hotspot/share/prims/jni.cpp, line 1366]
Event: 56.813 Thread 0x0000019c63a0c000 Exception <a 'java/lang/NoSuchMethodError'{0x00000000e931f350}: <clinit>> (0x00000000e931f350) thrown at [./src/hotspot/share/prims/jni.cpp, line 1366]
Event: 56.896 Thread 0x0000019c662c5800 Exception <a 'java/lang/IncompatibleClassChangeError'{0x00000000e93b4ce0}: Found class java.lang.Object, but interface was expected> (0x00000000e93b4ce0) thrown at [./src/hotspot/share/interpreter/linkResolver.cpp, line 839]
Event: 57.659 Thread 0x0000019c662c5800 Exception <a 'java/lang/IncompatibleClassChangeError'{0x00000000e8f52b00}: Found class java.lang.Object, but interface was expected> (0x00000000e8f52b00) thrown at [./src/hotspot/share/interpreter/linkResolver.cpp, line 839]

Events (20 events):
Event: 70.685 loading class org/gradle/api/internal/artifacts/ivyservice/DefaultLenientConfiguration$LenientArtifactCollectingVisitor
Event: 70.685 loading class org/gradle/api/internal/artifacts/ivyservice/DefaultLenientConfiguration$LenientArtifactCollectingVisitor done
Event: 72.667 loading class io/spring/gradle/dependencymanagement/org/apache/maven/model/building/DefaultModelBuilder$1
Event: 72.667 loading class io/spring/gradle/dependencymanagement/org/apache/maven/model/building/DefaultModelBuilder$1 done
Event: 72.667 loading class io/spring/gradle/dependencymanagement/org/apache/maven/model/building/FilterModelBuildingRequest
Event: 72.667 loading class io/spring/gradle/dependencymanagement/org/apache/maven/model/building/FilterModelBuildingRequest done
Event: 72.671 Executing VM operation: Deoptimize
Event: 72.736 Executing VM operation: Deoptimize done
Event: 72.751 Executing VM operation: RevokeBias
Event: 72.751 Executing VM operation: RevokeBias done
Event: 75.247 loading class io/spring/gradle/dependencymanagement/org/codehaus/plexus/interpolation/SimpleRecursionInterceptor
Event: 75.247 loading class io/spring/gradle/dependencymanagement/org/codehaus/plexus/interpolation/SimpleRecursionInterceptor done
Event: 75.247 Executing VM operation: Deoptimize
Event: 75.249 Executing VM operation: Deoptimize done
Event: 75.687 Executing VM operation: RevokeBias
Event: 75.688 Executing VM operation: RevokeBias done
Event: 76.960 loading class sun/nio/cs/ISO_8859_1$Decoder
Event: 76.961 loading class sun/nio/cs/ISO_8859_1$Decoder done
Event: 78.151 loading class io/spring/gradle/dependencymanagement/org/codehaus/plexus/util/Os
Event: 78.151 loading class io/spring/gradle/dependencymanagement/org/codehaus/plexus/util/Os done


Dynamic libraries:
0x00007ff713020000 - 0x00007ff713040000 	C:\Program Files\Java\java-11\bin\java.exe
0x00007ffec8350000 - 0x00007ffec8548000 	C:\WINDOWS\SYSTEM32\ntdll.dll
0x00007ffec6b40000 - 0x00007ffec6bfd000 	C:\WINDOWS\System32\KERNEL32.DLL
0x00007ffec5a60000 - 0x00007ffec5d32000 	C:\WINDOWS\System32\KERNELBASE.dll
0x00007ffec5e40000 - 0x00007ffec5f40000 	C:\WINDOWS\System32\ucrtbase.dll
0x00007ffeba880000 - 0x00007ffeba897000 	C:\Program Files\Java\java-11\bin\jli.dll
0x00007ffec8040000 - 0x00007ffec81dd000 	C:\WINDOWS\System32\USER32.dll
0x00007ffec62b0000 - 0x00007ffec62d2000 	C:\WINDOWS\System32\win32u.dll
0x00007ffec6490000 - 0x00007ffec64bb000 	C:\WINDOWS\System32\GDI32.dll
0x00007ffec5f40000 - 0x00007ffec604f000 	C:\WINDOWS\System32\gdi32full.dll
0x00007ffec62e0000 - 0x00007ffec637d000 	C:\WINDOWS\System32\msvcp_win.dll
0x00007ffeb2970000 - 0x00007ffeb2c0a000 	C:\WINDOWS\WinSxS\amd64_microsoft.windows.common-controls_6595b64144ccf1df_6.0.19041.1110_none_60b5254171f9507e\COMCTL32.dll
0x00007ffec6630000 - 0x00007ffec66ce000 	C:\WINDOWS\System32\msvcrt.dll
0x00007ffeb9cf0000 - 0x00007ffeb9d05000 	C:\Program Files\Java\java-11\bin\VCRUNTIME140.dll
0x00007ffec7680000 - 0x00007ffec76b0000 	C:\WINDOWS\System32\IMM32.DLL
0x00007ffe9be00000 - 0x00007ffe9be9b000 	C:\Program Files\Java\java-11\bin\msvcp140.dll
0x00007ffe71120000 - 0x00007ffe71ca1000 	C:\Program Files\Java\java-11\bin\server\jvm.dll
0x00007ffec64c0000 - 0x00007ffec656e000 	C:\WINDOWS\System32\ADVAPI32.dll
0x00007ffec7bc0000 - 0x00007ffec7c5c000 	C:\WINDOWS\System32\sechost.dll
0x00007ffec74d0000 - 0x00007ffec75f5000 	C:\WINDOWS\System32\RPCRT4.dll
0x00007ffec6c00000 - 0x00007ffec6c08000 	C:\WINDOWS\System32\PSAPI.DLL
0x00007ffea5fc0000 - 0x00007ffea5fc9000 	C:\WINDOWS\SYSTEM32\WSOCK32.dll
0x00007ffec7610000 - 0x00007ffec767b000 	C:\WINDOWS\System32\WS2_32.dll
0x00007ffeac6f0000 - 0x00007ffeac717000 	C:\WINDOWS\SYSTEM32\WINMM.dll
0x00007ffeba1e0000 - 0x00007ffeba1ea000 	C:\WINDOWS\SYSTEM32\VERSION.dll
0x00007ffec42b0000 - 0x00007ffec42c2000 	C:\WINDOWS\SYSTEM32\kernel.appcore.dll
0x00007ffebae90000 - 0x00007ffebaea0000 	C:\Program Files\Java\java-11\bin\verify.dll
0x00007ffec0f80000 - 0x00007ffec1164000 	C:\WINDOWS\SYSTEM32\DBGHELP.DLL
0x00007ffeb0c40000 - 0x00007ffeb0c6c000 	C:\WINDOWS\SYSTEM32\dbgcore.DLL
0x00007ffec5db0000 - 0x00007ffec5e32000 	C:\WINDOWS\System32\bcryptPrimitives.dll
0x00007ffeb9cc0000 - 0x00007ffeb9ce8000 	C:\Program Files\Java\java-11\bin\java.dll
0x00007ffebad90000 - 0x00007ffebad9a000 	C:\Program Files\Java\java-11\bin\jimage.dll
0x00007ffeb9ca0000 - 0x00007ffeb9cb8000 	C:\Program Files\Java\java-11\bin\zip.dll
0x00007ffec6d20000 - 0x00007ffec7463000 	C:\WINDOWS\System32\SHELL32.dll
0x00007ffec0710000 - 0x00007ffec0ea1000 	C:\WINDOWS\SYSTEM32\windows.storage.dll
0x00007ffec7860000 - 0x00007ffec7bb4000 	C:\WINDOWS\System32\combase.dll
0x00007ffec54c0000 - 0x00007ffec54f0000 	C:\WINDOWS\SYSTEM32\Wldp.dll
0x00007ffec6c10000 - 0x00007ffec6cbd000 	C:\WINDOWS\System32\SHCORE.dll
0x00007ffec65d0000 - 0x00007ffec6625000 	C:\WINDOWS\System32\shlwapi.dll
0x00007ffec59a0000 - 0x00007ffec59bf000 	C:\WINDOWS\SYSTEM32\profapi.dll
0x00007ffeaac70000 - 0x00007ffeaac89000 	C:\Program Files\Java\java-11\bin\net.dll
0x00007ffeb34c0000 - 0x00007ffeb35cd000 	C:\WINDOWS\SYSTEM32\WINHTTP.dll
0x00007ffec5220000 - 0x00007ffec528a000 	C:\WINDOWS\system32\mswsock.dll
0x00007ffeaab10000 - 0x00007ffeaab23000 	C:\Program Files\Java\java-11\bin\nio.dll
0x00007ffeb9c70000 - 0x00007ffeb9c97000 	C:\Users\82102\.gradle\native\e1d6ef7f7dcc3fd88c89a11ec53ec762bb8ba0a96d01ffa2cd45eb1d1d8dd5c5\windows-amd64\native-platform.dll
0x00007ffe8a8f0000 - 0x00007ffe8aa34000 	C:\Users\82102\.gradle\native\0d407fdbe67a94daf76414ababcb853783967236a71b16ec16e742cd7a986fd3\windows-amd64\native-platform-file-events.dll
0x00007ffebabf0000 - 0x00007ffebabf9000 	C:\Program Files\Java\java-11\bin\management.dll
0x00007ffeb9c40000 - 0x00007ffeb9c4b000 	C:\Program Files\Java\java-11\bin\management_ext.dll
0x00007ffec5410000 - 0x00007ffec5428000 	C:\WINDOWS\SYSTEM32\CRYPTSP.dll
0x00007ffec4ad0000 - 0x00007ffec4b04000 	C:\WINDOWS\system32\rsaenh.dll
0x00007ffec6380000 - 0x00007ffec63a7000 	C:\WINDOWS\System32\bcrypt.dll
0x00007ffec5920000 - 0x00007ffec594e000 	C:\WINDOWS\SYSTEM32\USERENV.dll
0x00007ffec5430000 - 0x00007ffec543c000 	C:\WINDOWS\SYSTEM32\CRYPTBASE.dll
0x00007ffec4ec0000 - 0x00007ffec4efb000 	C:\WINDOWS\SYSTEM32\IPHLPAPI.DLL
0x00007ffec7da0000 - 0x00007ffec7da8000 	C:\WINDOWS\System32\NSI.dll
0x00007ffeb8660000 - 0x00007ffeb8677000 	C:\WINDOWS\SYSTEM32\dhcpcsvc6.DLL
0x00007ffeb8720000 - 0x00007ffeb873d000 	C:\WINDOWS\SYSTEM32\dhcpcsvc.DLL
0x00007ffec4f00000 - 0x00007ffec4fca000 	C:\WINDOWS\SYSTEM32\DNSAPI.dll
0x00007ffebafb0000 - 0x00007ffebafbe000 	C:\Program Files\Java\java-11\bin\sunmscapi.dll
0x00007ffec60a0000 - 0x00007ffec61f6000 	C:\WINDOWS\System32\CRYPT32.dll
0x00007ffec5530000 - 0x00007ffec5557000 	C:\WINDOWS\SYSTEM32\ncrypt.dll
0x00007ffec54f0000 - 0x00007ffec552b000 	C:\WINDOWS\SYSTEM32\NTASN1.dll
0x00007ffeb9c50000 - 0x00007ffeb9c66000 	C:\Program Files\Java\java-11\bin\sunec.dll
0x00000000612d0000 - 0x00000000612f6000 	C:\Program Files\Bonjour\mdnsNSP.dll
0x00007ffeba3a0000 - 0x00007ffeba3aa000 	C:\Windows\System32\rasadhlp.dll
0x00007ffeb21a0000 - 0x00007ffeb2220000 	C:\WINDOWS\System32\fwpuclnt.dll

dbghelp: loaded successfully - version: 4.0.5 - missing functions: none
symbol engine: initialized successfully - sym options: 0x614 - pdb path: .;C:\Program Files\Java\java-11\bin;C:\WINDOWS\SYSTEM32;C:\WINDOWS\WinSxS\amd64_microsoft.windows.common-controls_6595b64144ccf1df_6.0.19041.1110_none_60b5254171f9507e;C:\Program Files\Java\java-11\bin\server;C:\Users\82102\.gradle\native\e1d6ef7f7dcc3fd88c89a11ec53ec762bb8ba0a96d01ffa2cd45eb1d1d8dd5c5\windows-amd64;C:\Users\82102\.gradle\native\0d407fdbe67a94daf76414ababcb853783967236a71b16ec16e742cd7a986fd3\windows-amd64;C:\Program Files\Bonjour

VM Arguments:
jvm_args: --add-opens=java.base/java.util=ALL-UNNAMED --add-opens=java.base/java.lang=ALL-UNNAMED --add-opens=java.base/java.lang.invoke=ALL-UNNAMED --add-opens=java.base/java.util=ALL-UNNAMED --add-opens=java.prefs/java.util.prefs=ALL-UNNAMED --add-opens=java.prefs/java.util.prefs=ALL-UNNAMED --add-opens=java.base/java.nio.charset=ALL-UNNAMED --add-opens=java.base/java.net=ALL-UNNAMED --add-opens=java.base/java.util.concurrent.atomic=ALL-UNNAMED -XX:MaxMetaspaceSize=256m -XX:+HeapDumpOnOutOfMemoryError -Xms256m -Xmx512m -Dfile.encoding=x-windows-949 -Duser.country=KR -Duser.language=ko -Duser.variant 
java_command: org.gradle.launcher.daemon.bootstrap.GradleDaemon 7.5.1
java_class_path (initial): C:\Users\82102\.gradle\wrapper\dists\gradle-7.5.1-bin\7jzzequgds1hbszbhq3npc5ng\gradle-7.5.1\lib\gradle-launcher-7.5.1.jar
Launcher Type: SUN_STANDARD

[Global flags]
     intx CICompilerCount                          = 3                                         {product} {ergonomic}
   size_t CompressedClassSpaceSize                 = 260046848                                 {product} {ergonomic}
     uint ConcGCThreads                            = 1                                         {product} {ergonomic}
     uint G1ConcRefinementThreads                  = 4                                         {product} {ergonomic}
   size_t G1HeapRegionSize                         = 1048576                                   {product} {ergonomic}
    uintx GCDrainStackTargetSize                   = 64                                        {product} {ergonomic}
     bool HeapDumpOnOutOfMemoryError               = true                                   {manageable} {command line}
   size_t InitialHeapSize                          = 268435456                                 {product} {command line}
   size_t MarkStackSize                            = 4194304                                   {product} {ergonomic}
   size_t MaxHeapSize                              = 536870912                                 {product} {command line}
   size_t MaxMetaspaceSize                         = 268435456                                 {product} {command line}
   size_t MaxNewSize                               = 321912832                                 {product} {ergonomic}
   size_t MinHeapDeltaBytes                        = 1048576                                   {product} {ergonomic}
    uintx NonNMethodCodeHeapSize                   = 5830732                                {pd product} {ergonomic}
    uintx NonProfiledCodeHeapSize                  = 122913754                              {pd product} {ergonomic}
    uintx ProfiledCodeHeapSize                     = 122913754                              {pd product} {ergonomic}
    uintx ReservedCodeCacheSize                    = 251658240                              {pd product} {ergonomic}
     bool SegmentedCodeCache                       = true                                      {product} {ergonomic}
     bool UseCompressedClassPointers               = true                                 {lp64_product} {ergonomic}
     bool UseCompressedOops                        = true                                 {lp64_product} {ergonomic}
     bool UseG1GC                                  = true                                      {product} {ergonomic}
     bool UseLargePagesIndividualAllocation        = false                                  {pd product} {ergonomic}

Logging:
Log output configuration:
 #0: stdout all=warning uptime,level,tags
 #1: stderr all=off uptime,level,tags

Environment Variables:
JAVA_HOME=C:\Program Files\Java\java-11
PATH=C:\Python310\Scripts\;C:\Python310\;C:\app\82102\product\18.0.0\dbhomeXE\bin;C:\Program Files\Java\java-11\bin;C:\Program Files (x86)\NAT Service;C:\Program Files (x86)\Intel\Intel(R) Management Engine Components\iCLS\;C:\Program Files\Intel\Intel(R) Management Engine Components\iCLS\;C:\WINDOWS\system32;C:\WINDOWS;C:\WINDOWS\System32\Wbem;C:\WINDOWS\System32\WindowsPowerShell\v1.0\;C:\WINDOWS\System32\OpenSSH\;C:\Program Files (x86)\Intel\Intel(R) Management Engine Components\DAL;C:\Program Files\Intel\Intel(R) Management Engine Components\DAL;C:\Program Files\Git\cmd;C:\ProgramData\chocolatey\bin;C:\Program Files\nodejs\;C:\Program Files\MySQL\MySQL Shell 8.0\bin\;C:\Users\82102\AppData\Local\Microsoft\WindowsApps;C:\dev\Scripts\;C:\dev\;C:\Users\82102\AppData\Local\atom\bin;C:\Program Files\Bandizip\;C:\Users\82102\AppData\Local\GitHubDesktop\bin;;C:\Program Files\IntelliJ IDEA Community Edition 2022.2.3\bin;;C:\Users\82102\AppData\Roaming\npm
USERNAME=82102
OS=Windows_NT
PROCESSOR_IDENTIFIER=Intel64 Family 6 Model 142 Stepping 10, GenuineIntel



---------------  S Y S T E M  ---------------

OS: Windows 10 , 64 bit Build 19041 (10.0.19041.1889)
OS uptime: 10 days 0:58 hours

CPU:total 4 (initial active 4) (2 cores per cpu, 2 threads per core) family 6 model 142 stepping 10 microcode 0xb4, cmov, cx8, fxsr, mmx, sse, sse2, sse3, ssse3, sse4.1, sse4.2, popcnt, avx, avx2, aes, clmul, erms, 3dnowpref, lzcnt, ht, tsc, tscinvbit, bmi1, bmi2, adx, fma

Memory: 4k page, system-wide physical 4010M (59M free)
TotalPageFile size 16298M (AvailPageFile size 0M)
current process WorkingSet (physical memory assigned to process): 198M, peak: 243M
current process commit charge ("private bytes"): 483M, peak: 488M

vm_info: OpenJDK 64-Bit Server VM (11.0.14+9-LTS) for windows-amd64 JRE (11.0.14+9-LTS), built on Jan 28 2022 13:56:43 by "" with unknown MS VC++:1916

END.
